Processing esp32-s3-devkitc-1 (platform: espressif32; board: esp32-s3-devkitc-1; framework: arduino)
--------------------------------------------------------------------------------
idf_tools.py installation failed (rc=1). Tail:
elli/.platformio/packages/tool-esp_install/tools/idf_tools.py", line 3007, in action_install
    tool_obj.install(tool_version)
  File "/home/pleamvelli/.platformio/packages/tool-esp_install/tools/idf_tools.py", line 1632, in install
    shutil.rmtree(dest_dir)
  File "/usr/lib/python3.12/shutil.py", line 785, in rmtree
    _rmtree_safe_fd(fd, path, onexc)
  File "/usr/lib/python3.12/shutil.py", line 686, in _rmtree_safe_fd
    _rmtree_safe_fd(dirfd, fullname, onexc)
  File "/usr/lib/python3.12/shutil.py", line 686, in _rmtree_safe_fd
    _rmtree_safe_fd(dirfd, fullname, onexc)
  File "/usr/lib/python3.12/shutil.py", line 686, in _rmtree_safe_fd
    _rmtree_safe_fd(dirfd, fullname, onexc)
  [Previous line repeated 3 more times]
  File "/usr/lib/python3.12/shutil.py", line 697, in _rmtree_safe_fd
    onexc(os.rmdir, fullname, err)
  File "/usr/lib/python3.12/shutil.py", line 695, in _rmtree_safe_fd
    os.rmdir(entry.name, dir_fd=topfd)
OSError: [Errno 39] Directory not empty: 'include'
Installed esptool from tl-install path: /home/pleamvelli/.platformio/packages/tool-esptoolpy
Tool Manager: Installing file:///home/pleamvelli/.platformio/tools/tool-xtensa-esp-elf-gdb
Tool Manager: tool-xtensa-esp-elf-gdb@17.1.0+20260402 has been installed!
Installed freertos-gdb into /home/pleamvelli/.platformio/packages/tool-xtensa-esp-elf-gdb/share/gdb/python
Tool Manager: Installing https://github.com/espressif/arduino-esp32/releases/download/3.3.9/esp32-core-3.3.9-libs.tar.xz
Downloading 0% 10% 20% 30% 40% 50% 60% 70% 80% 90% 100%
Unpacking 0% 10% 20% 30% 40% 50% 60% 70% 80% 90% 100%
Tool Manager: framework-arduinoespressif32-libs@5.5.4+sha.735507283d has been installed!
Tool Manager: Installing https://github.com/pioarduino/registry/releases/download/0.0.1/xtensa-esp-elf-14.2.0_20260121.zip
Unpacking 0% 10% 20%
Tool Manager: toolchain-xtensa-esp-elf@14.2.0+20260121 has been installed!
Tool Manager: Installing https://github.com/pioarduino/registry/releases/download/0.0.1/xtensa-esp-gdb-17.1_20260402.zip
Unpacking 0% 10% 20%
Tool Manager: tool-xtensa-esp-elf-gdb@17.1.0+20260402 has been installed!
Tool Manager: Installing file:///home/pleamvelli/.platformio/tools/toolchain-xtensa-esp-elf
Tool Manager: toolchain-xtensa-esp-elf@14.2.0+20260121 has been installed!
Tool Manager: Installing file:///home/pleamvelli/.platformio/tools/tool-xtensa-esp-elf-gdb
Tool Manager: tool-xtensa-esp-elf-gdb@17.1.0+20260402 has been installed!
Installed freertos-gdb into /home/pleamvelli/.platformio/packages/tool-xtensa-esp-elf-gdb/share/gdb/python
Verbose mode can be enabled via `-v, --verbose` option
CONFIGURATION: https://docs.platformio.org/page/boards/espressif32/esp32-s3-devkitc-1.html
PLATFORM: Espressif 32 (55.3.39) > Espressif ESP32-S3-DevKitC-1-N8 (8 MB QD, No PSRAM)
HARDWARE: ESP32S3 240MHz, 320KB RAM, 8MB Flash
DEBUG: Current (esp-builtin) On-board (esp-builtin) External (cmsis-dap, esp-bridge, esp-prog, esp-prog-2, iot-bus-jtag, jlink, minimodule, olimex-arm-usb-ocd, olimex-arm-usb-ocd-h, olimex-arm-usb-tiny-h, olimex-jtag-tiny, tumpa)
PACKAGES: 
 - contrib-piohome @ 3.4.4 
 - framework-arduinoespressif32 @ 3.3.9 
 - framework-arduinoespressif32-libs @ 5.5.4+sha.735507283d 
 - tool-esptoolpy @ 5.3.0 
 - tool-xtensa-esp-elf-gdb @ 17.1.0+20260402 
 - toolchain-xtensa-esp-elf @ 14.2.0+20260121
LDF: Library Dependency Finder -> https://bit.ly/configure-pio-ldf
LDF Modes: Finder ~ chain, Compatibility ~ soft
Found 43 compatible libraries
Scanning dependencies...
No dependencies
Building in release mode
Compiling .pio/build/esp32-s3-devkitc-1/src/main.cpp.o
Building .pio/build/esp32-s3-devkitc-1/bootloader.bin
Generating partitions .pio/build/esp32-s3-devkitc-1/partitions.bin
Compiling .pio/build/esp32-s3-devkitc-1/FrameworkArduino/ColorFormat.c.o
esptool v5.3.0
Creating ESP32-S3 image...
Merged 2 ELF sections.
Successfully created ESP32-S3 image.
Compiling .pio/build/esp32-s3-devkitc-1/FrameworkArduino/Esp.cpp.o
Compiling .pio/build/esp32-s3-devkitc-1/FrameworkArduino/FirmwareMSC.cpp.o
Compiling .pio/build/esp32-s3-devkitc-1/FrameworkArduino/FunctionalInterrupt.cpp.o
Compiling .pio/build/esp32-s3-devkitc-1/FrameworkArduino/HEXBuilder.cpp.o
Compiling .pio/build/esp32-s3-devkitc-1/FrameworkArduino/HWCDC.cpp.o
Compiling .pio/build/esp32-s3-devkitc-1/FrameworkArduino/HardwareSerial.cpp.o
Compiling .pio/build/esp32-s3-devkitc-1/FrameworkArduino/HashBuilder.cpp.o
Compiling .pio/build/esp32-s3-devkitc-1/FrameworkArduino/IPAddress.cpp.o
Compiling .pio/build/esp32-s3-devkitc-1/FrameworkArduino/MD5Builder.cpp.o
Compiling .pio/build/esp32-s3-devkitc-1/FrameworkArduino/MacAddress.cpp.o
Compiling .pio/build/esp32-s3-devkitc-1/FrameworkArduino/Print.cpp.o
Compiling .pio/build/esp32-s3-devkitc-1/FrameworkArduino/Stream.cpp.o
Compiling .pio/build/esp32-s3-devkitc-1/FrameworkArduino/StreamString.cpp.o
Compiling .pio/build/esp32-s3-devkitc-1/FrameworkArduino/StringUtils.cpp.o
Compiling .pio/build/esp32-s3-devkitc-1/FrameworkArduino/Tone.cpp.o
Compiling .pio/build/esp32-s3-devkitc-1/FrameworkArduino/USB.cpp.o
Compiling .pio/build/esp32-s3-devkitc-1/FrameworkArduino/USBCDC.cpp.o
Compiling .pio/build/esp32-s3-devkitc-1/FrameworkArduino/USBMSC.cpp.o
Compiling .pio/build/esp32-s3-devkitc-1/FrameworkArduino/WMath.cpp.o
Compiling .pio/build/esp32-s3-devkitc-1/FrameworkArduino/WString.cpp.o
Compiling .pio/build/esp32-s3-devkitc-1/FrameworkArduino/base64.cpp.o
Compiling .pio/build/esp32-s3-devkitc-1/FrameworkArduino/cbuf.cpp.o
Compiling .pio/build/esp32-s3-devkitc-1/FrameworkArduino/chip-debug-report.cpp.o
Compiling .pio/build/esp32-s3-devkitc-1/FrameworkArduino/esp32-hal-adc.c.o
Compiling .pio/build/esp32-s3-devkitc-1/FrameworkArduino/esp32-hal-bt.c.o
Compiling .pio/build/esp32-s3-devkitc-1/FrameworkArduino/esp32-hal-cpu.c.o
Compiling .pio/build/esp32-s3-devkitc-1/FrameworkArduino/esp32-hal-dac.c.o
Compiling .pio/build/esp32-s3-devkitc-1/FrameworkArduino/esp32-hal-gpio.c.o
Compiling .pio/build/esp32-s3-devkitc-1/FrameworkArduino/esp32-hal-hosted.c.o
Compiling .pio/build/esp32-s3-devkitc-1/FrameworkArduino/esp32-hal-i2c-ng.c.o
Compiling .pio/build/esp32-s3-devkitc-1/FrameworkArduino/esp32-hal-i2c-slave.c.o
Compiling .pio/build/esp32-s3-devkitc-1/FrameworkArduino/esp32-hal-i2c.c.o
Compiling .pio/build/esp32-s3-devkitc-1/FrameworkArduino/esp32-hal-ldo.c.o
Compiling .pio/build/esp32-s3-devkitc-1/FrameworkArduino/esp32-hal-ledc.c.o
Compiling .pio/build/esp32-s3-devkitc-1/FrameworkArduino/esp32-hal-log-wrapper.c.o
Compiling .pio/build/esp32-s3-devkitc-1/FrameworkArduino/esp32-hal-matrix.c.o
Compiling .pio/build/esp32-s3-devkitc-1/FrameworkArduino/esp32-hal-misc.c.o
Compiling .pio/build/esp32-s3-devkitc-1/FrameworkArduino/esp32-hal-periman.c.o
Compiling .pio/build/esp32-s3-devkitc-1/FrameworkArduino/esp32-hal-psram.c.o
Compiling .pio/build/esp32-s3-devkitc-1/FrameworkArduino/esp32-hal-rgb-led.c.o
Compiling .pio/build/esp32-s3-devkitc-1/FrameworkArduino/esp32-hal-rmt.c.o
Compiling .pio/build/esp32-s3-devkitc-1/FrameworkArduino/esp32-hal-sigmadelta.c.o
Compiling .pio/build/esp32-s3-devkitc-1/FrameworkArduino/esp32-hal-spi.c.o
Compiling .pio/build/esp32-s3-devkitc-1/FrameworkArduino/esp32-hal-time.c.o
Compiling .pio/build/esp32-s3-devkitc-1/FrameworkArduino/esp32-hal-timer.c.o
Compiling .pio/build/esp32-s3-devkitc-1/FrameworkArduino/esp32-hal-tinyusb.c.o
Compiling .pio/build/esp32-s3-devkitc-1/FrameworkArduino/esp32-hal-touch-ng.c.o
Compiling .pio/build/esp32-s3-devkitc-1/FrameworkArduino/esp32-hal-touch.c.o
Compiling .pio/build/esp32-s3-devkitc-1/FrameworkArduino/esp32-hal-uart.c.o
Compiling .pio/build/esp32-s3-devkitc-1/FrameworkArduino/firmware_msc_fat.c.o
Compiling .pio/build/esp32-s3-devkitc-1/FrameworkArduino/freertos_stats.cpp.o
Compiling .pio/build/esp32-s3-devkitc-1/FrameworkArduino/idf_openthread_mpool_wrapper.c.o
Compiling .pio/build/esp32-s3-devkitc-1/FrameworkArduino/libb64/cdecode.c.o
Compiling .pio/build/esp32-s3-devkitc-1/FrameworkArduino/libb64/cencode.c.o
Compiling .pio/build/esp32-s3-devkitc-1/FrameworkArduino/main.cpp.o
Compiling .pio/build/esp32-s3-devkitc-1/FrameworkArduino/stdlib_noniso.c.o
Compiling .pio/build/esp32-s3-devkitc-1/FrameworkArduino/wiring_pulse.c.o
Compiling .pio/build/esp32-s3-devkitc-1/FrameworkArduino/wiring_shift.c.o
Archiving .pio/build/esp32-s3-devkitc-1/libFrameworkArduino.a
Indexing .pio/build/esp32-s3-devkitc-1/libFrameworkArduino.a
Linking .pio/build/esp32-s3-devkitc-1/firmware.elf
                            Memory Type Usage Summary                             
┏━━━━━━━━━━━━━━━━━━━━━┳━━━━━━━━━━━━━━┳━━━━━━━━━━┳━━━━━━━━━━━━━━━━┳━━━━━━━━━━━━━━━┓
┃ Memory Type/Section ┃ Used [bytes] ┃ Used [%] ┃ Remain [bytes] ┃ Total [bytes] ┃
┡━━━━━━━━━━━━━━━━━━━━━╇━━━━━━━━━━━━━━╇━━━━━━━━━━╇━━━━━━━━━━━━━━━━╇━━━━━━━━━━━━━━━┩
│ Flash Code          │       154280 │          │                │               │
│    .text            │       154280 │          │                │               │
│ Flash Data          │        82876 │          │                │               │
│    .rodata          │        82620 │          │                │               │
│    .appdesc         │          256 │          │                │               │
│ DIRAM               │        73456 │    21.49 │         268304 │        341760 │
│    .text            │        51283 │    15.01 │                │               │
│    .data            │        14677 │     4.29 │                │               │
│    .bss             │         7496 │     2.19 │                │               │
│ IRAM                │        16384 │    100.0 │              0 │         16384 │
│    .text            │        15356 │    93.73 │                │               │
│    .vectors         │         1028 │     6.27 │                │               │
└─────────────────────┴──────────────┴──────────┴────────────────┴───────────────┘
Total image size: 319500 bytes (.bin may be padded larger)
Note: The reported total sizes may be smaller than those in the technical reference manual due to reserved memory and application configuration. The total flash size available for the application is not included by default, as it cannot be reliably determined due to the presence of other data like the bootloader, partition table, and application partition size.
Retrieving maximum program size .pio/build/esp32-s3-devkitc-1/firmware.elf
Checking size .pio/build/esp32-s3-devkitc-1/firmware.elf
Advanced Memory Usage is available via "PlatformIO Home > Project Inspect"
RAM:   [=         ]   6.8% (used 22176 bytes from 327680 bytes)
Flash: [=         ]   9.6% (used 319244 bytes from 3342336 bytes)
Building .pio/build/esp32-s3-devkitc-1/firmware.bin
esptool v5.3.0
Creating ESP32-S3 image...
Merged 2 ELF sections.
Successfully created ESP32-S3 image.
Creating binary "firmware.factory.bin" with:
    Offset   | File
 -  0x0000   | bootloader.bin
 -  0x8000   | partitions.bin
 -  0xe000   | boot_app0.bin
 -  0x10000  | firmware.bin
Successfully created combined binary image.
========================= [SUCCESS] Took 86.30 seconds =========================
=== PIO EXIT: 0 ===
