INFO ESPHome 2026.6.1
INFO Reading configuration tinky-s3.yaml...
INFO Generating C++ source...
INFO Compiling app... Build path: /tmp/ws03-build/esphome/.esphome/build/tinky-s3
Processing tinky-s3 (board: esp32-s3-devkitc-1; framework: arduino, espidf; platform: https://github.com/pioarduino/platform-espressif32/releases/download/55.03.39/platform-espressif32.zip)
--------------------------------------------------------------------------------
Tool Manager: Installing file:///tmp/ws03-build/esphome/.esphome/build/tinky-s3/arduino_libs_stub
Tool Manager: framework-arduinoespressif32-libs@5.5.4 has been installed!
HARDWARE: ESP32S3 240MHz, 320KB RAM, 4MB Flash
 - contrib-piohome @ 3.4.4 
 - framework-arduinoespressif32 @ 3.3.9 
 - framework-arduinoespressif32-libs @ 5.5.4 
 - framework-espidf @ 3.50504.0 (5.5.4) 
 - tool-cmake @ 4.0.3 
 - tool-esp-rom-elfs @ 2024.10.11 
 - tool-esptoolpy @ 5.3.0 
 - tool-ninja @ 1.13.1 
 - tool-scons @ 4.40801.0 (4.8.1) 
 - tool-xtensa-esp-elf-gdb @ 17.1.0+20260402 
 - toolchain-xtensa-esp-elf @ 14.2.0+20260121
Creating a new virtual environment for IDF Python dependencies using uv
Using Python 3.12.3 environment at: /home/pleamvelli/.platformio/penv/.espidf-5.5.4
Installing ESP-IDF's Python dependencies with uv
Using Python 3.12.3 environment at: /home/pleamvelli/.platformio/penv/.espidf-5.5.4
Resolved 31 packages in 520ms
Downloading cryptography (4.0MiB)
 Downloaded cryptography
Prepared 11 packages in 268ms
Installed 31 packages in 9ms
 + annotated-types==0.7.0
 + certifi==2026.6.17
 + cffi==2.0.0
 + charset-normalizer==3.4.7
 + click==8.4.1
 + colorama==0.4.6
 + cryptography==44.0.3
 + esp-idf-kconfig==3.7.0
 + idf-component-manager==2.4.11
 + idna==3.18
 + jsonref==1.1.0
 + markdown-it-py==4.2.0
 + mdurl==0.1.2
 + psutil==7.2.2
 + pycparser==3.0
 + pydantic==2.13.4
 + pydantic-core==2.46.4
 + pydantic-settings==2.14.1
 + pygments==2.20.0
 + pyparsing==3.3.2
 + python-dotenv==1.2.2
 + requests==2.34.2
 + requests-file==3.0.1
 + requests-toolbelt==1.0.0
 + rich==15.0.0
 + ruamel-yaml==0.19.1
 + tqdm==4.68.3
 + truststore==0.10.4
 + typing-extensions==4.15.0
 + typing-inspection==0.4.2
 + urllib3==2.7.0
Reading CMake configuration...
Generating assembly for certificate bundle...
No dependencies
Compiling .pioenvs/tinky-s3/src/esphome/components/esp32/core.cpp.o
Compiling .pioenvs/tinky-s3/src/esphome/components/esp32/crash_handler.cpp.o
Compiling .pioenvs/tinky-s3/src/esphome/components/esp32/gpio.cpp.o
Compiling .pioenvs/tinky-s3/src/esphome/components/esp32/hal.cpp.o
Compiling .pioenvs/tinky-s3/src/esphome/components/esp32/helpers.cpp.o
Compiling .pioenvs/tinky-s3/src/esphome/components/esp32/preferences.cpp.o
Compiling .pioenvs/tinky-s3/src/esphome/components/esp32/printf_stubs.cpp.o
Compiling .pioenvs/tinky-s3/src/esphome/components/esp32/throw_stubs.cpp.o
Compiling .pioenvs/tinky-s3/src/esphome/components/gpio/output/gpio_binary_output.cpp.o
Compiling .pioenvs/tinky-s3/src/esphome/components/logger/logger.cpp.o
Compiling .pioenvs/tinky-s3/src/esphome/components/logger/logger_esp32.cpp.o
Compiling .pioenvs/tinky-s3/src/esphome/components/logger/task_log_buffer_esp32.cpp.o
Compiling .pioenvs/tinky-s3/src/esphome/components/output/automation.cpp.o
Compiling .pioenvs/tinky-s3/src/esphome/components/output/float_output.cpp.o
Compiling .pioenvs/tinky-s3/src/esphome/core/alloc_helpers.cpp.o
Compiling .pioenvs/tinky-s3/src/esphome/core/application.cpp.o
Compiling .pioenvs/tinky-s3/src/esphome/core/build_info_data.cpp.o
Compiling .pioenvs/tinky-s3/src/esphome/core/color.cpp.o
Compiling .pioenvs/tinky-s3/src/esphome/core/component.cpp.o
Compiling .pioenvs/tinky-s3/src/esphome/core/component_iterator.cpp.o
Compiling .pioenvs/tinky-s3/src/esphome/core/controller_registry.cpp.o
Compiling .pioenvs/tinky-s3/src/esphome/core/entity_base.cpp.o
Compiling .pioenvs/tinky-s3/src/esphome/core/gpio.cpp.o
Compiling .pioenvs/tinky-s3/src/esphome/core/helpers.cpp.o
Compiling .pioenvs/tinky-s3/src/esphome/core/log.cpp.o
Compiling .pioenvs/tinky-s3/src/esphome/core/lwip_fast_select.c.o
Compiling .pioenvs/tinky-s3/src/esphome/core/main_task.c.o
Compiling .pioenvs/tinky-s3/src/esphome/core/scheduler.cpp.o
Compiling .pioenvs/tinky-s3/src/esphome/core/static_task.cpp.o
Compiling .pioenvs/tinky-s3/src/esphome/core/time.cpp.o
Compiling .pioenvs/tinky-s3/src/esphome/core/util.cpp.o
Compiling .pioenvs/tinky-s3/src/esphome/core/wake/wake_freertos.cpp.o
Compiling .pioenvs/tinky-s3/src/main.cpp.o
Generating LD script .pioenvs/tinky-s3/esp-idf/esp_system/ld/memory.ld.in
Generating LD script .pioenvs/tinky-s3/memory.ld
Generating LD script .pioenvs/tinky-s3/esp-idf/esp_system/ld/sections.ld.in
Compiling .pioenvs/tinky-s3/app_trace/app_trace.c.o
Compiling .pioenvs/tinky-s3/app_trace/app_trace_util.c.o
Compiling .pioenvs/tinky-s3/app_trace/host_file_io.c.o
Compiling .pioenvs/tinky-s3/app_trace/port/port_uart.c.o
Compiling .pioenvs/tinky-s3/app_update/esp_ota_ops.c.o
Compiling .pioenvs/tinky-s3/app_update/esp_ota_app_desc.c.o
Archiving .pioenvs/tinky-s3/esp-idf/app_trace/libapp_trace.a
Indexing .pioenvs/tinky-s3/esp-idf/app_trace/libapp_trace.a
Compiling .pioenvs/tinky-s3/bootloader_support/src/bootloader_common.c.o
Compiling .pioenvs/tinky-s3/bootloader_support/src/bootloader_common_loader.c.o
Compiling .pioenvs/tinky-s3/bootloader_support/src/bootloader_clock_init.c.o
Compiling .pioenvs/tinky-s3/bootloader_support/src/bootloader_mem.c.o
Compiling .pioenvs/tinky-s3/bootloader_support/src/bootloader_random.c.o
Compiling .pioenvs/tinky-s3/bootloader_support/src/bootloader_efuse.c.o
Archiving .pioenvs/tinky-s3/esp-idf/app_update/libapp_update.a
Indexing .pioenvs/tinky-s3/esp-idf/app_update/libapp_update.a
Compiling .pioenvs/tinky-s3/bootloader_support/src/flash_encrypt.c.o
Compiling .pioenvs/tinky-s3/bootloader_support/src/secure_boot.c.o
Compiling .pioenvs/tinky-s3/bootloader_support/src/bootloader_random_esp32s3.c.o
Compiling .pioenvs/tinky-s3/bootloader_support/bootloader_flash/src/bootloader_flash.c.o
Compiling .pioenvs/tinky-s3/bootloader_support/bootloader_flash/src/flash_qio_mode.c.o
Compiling .pioenvs/tinky-s3/bootloader_support/bootloader_flash/src/bootloader_flash_config_esp32s3.c.o
Compiling .pioenvs/tinky-s3/bootloader_support/src/bootloader_utility.c.o
Compiling .pioenvs/tinky-s3/bootloader_support/src/flash_partitions.c.o
Compiling .pioenvs/tinky-s3/bootloader_support/src/esp_image_format.c.o
Compiling .pioenvs/tinky-s3/bootloader_support/src/bootloader_sha.c.o
Compiling .pioenvs/tinky-s3/bootloader_support/src/esp32s3/secure_boot_secure_features.c.o
Compiling .pioenvs/tinky-s3/console/commands.c.o
Compiling .pioenvs/tinky-s3/console/esp_console_common.c.o
Compiling .pioenvs/tinky-s3/console/esp_console_repl_internal.c.o
Compiling .pioenvs/tinky-s3/console/split_argv.c.o
Compiling .pioenvs/tinky-s3/console/linenoise/linenoise.c.o
Archiving .pioenvs/tinky-s3/esp-idf/bootloader_support/libbootloader_support.a
Indexing .pioenvs/tinky-s3/esp-idf/bootloader_support/libbootloader_support.a
Compiling .pioenvs/tinky-s3/console/esp_console_repl_chip.c.o
Compiling .pioenvs/tinky-s3/console/argtable3/arg_cmd.c.o
Compiling .pioenvs/tinky-s3/console/argtable3/arg_date.c.o
Compiling .pioenvs/tinky-s3/console/argtable3/arg_dbl.c.o
Compiling .pioenvs/tinky-s3/console/argtable3/arg_dstr.c.o
Compiling .pioenvs/tinky-s3/console/argtable3/arg_end.c.o
Compiling .pioenvs/tinky-s3/console/argtable3/arg_file.c.o
Compiling .pioenvs/tinky-s3/console/argtable3/arg_hashtable.c.o
Compiling .pioenvs/tinky-s3/console/argtable3/arg_int.c.o
Compiling .pioenvs/tinky-s3/console/argtable3/arg_lit.c.o
Compiling .pioenvs/tinky-s3/console/argtable3/arg_rem.c.o
Compiling .pioenvs/tinky-s3/console/argtable3/arg_rex.c.o
Compiling .pioenvs/tinky-s3/console/argtable3/arg_str.c.o
Compiling .pioenvs/tinky-s3/console/argtable3/arg_utils.c.o
Compiling .pioenvs/tinky-s3/console/argtable3/argtable3.c.o
Compiling .pioenvs/tinky-s3/cxx/cxx_exception_stubs.cpp.o
Compiling .pioenvs/tinky-s3/cxx/cxx_guards.cpp.o
Compiling .pioenvs/tinky-s3/cxx/cxx_init.cpp.o
Compiling .pioenvs/tinky-s3/driver/deprecated/adc_legacy.c.o
Compiling .pioenvs/tinky-s3/driver/deprecated/adc_dma_legacy.c.o
Compiling .pioenvs/tinky-s3/driver/deprecated/timer_legacy.c.o
Compiling .pioenvs/tinky-s3/driver/i2c/i2c.c.o
Compiling .pioenvs/tinky-s3/driver/deprecated/i2s_legacy.c.o
Archiving .pioenvs/tinky-s3/esp-idf/console/libconsole.a
Compiling .pioenvs/tinky-s3/driver/deprecated/mcpwm_legacy.c.o
Indexing .pioenvs/tinky-s3/esp-idf/console/libconsole.a
Archiving .pioenvs/tinky-s3/esp-idf/cxx/libcxx.a
Indexing .pioenvs/tinky-s3/esp-idf/cxx/libcxx.a
Compiling .pioenvs/tinky-s3/driver/deprecated/pcnt_legacy.c.o
Compiling .pioenvs/tinky-s3/driver/deprecated/rmt_legacy.c.o
Compiling .pioenvs/tinky-s3/driver/deprecated/sigma_delta_legacy.c.o
Compiling .pioenvs/tinky-s3/driver/deprecated/rtc_temperature_legacy.c.o
Compiling .pioenvs/tinky-s3/driver/touch_sensor/touch_sensor_common.c.o
Compiling .pioenvs/tinky-s3/driver/touch_sensor/esp32s3/touch_sensor.c.o
Compiling .pioenvs/tinky-s3/driver/twai/twai.c.o
Compiling .pioenvs/tinky-s3/efuse/esp32s3/esp_efuse_table.c.o
Compiling .pioenvs/tinky-s3/efuse/esp32s3/esp_efuse_fields.c.o
Compiling .pioenvs/tinky-s3/efuse/esp32s3/esp_efuse_rtc_calib.c.o
Compiling .pioenvs/tinky-s3/efuse/esp32s3/esp_efuse_utility.c.o
Compiling .pioenvs/tinky-s3/efuse/src/esp_efuse_api.c.o
Compiling .pioenvs/tinky-s3/efuse/src/esp_efuse_fields.c.o
Compiling .pioenvs/tinky-s3/efuse/src/esp_efuse_utility.c.o
Compiling .pioenvs/tinky-s3/efuse/src/efuse_controller/keys/with_key_purposes/esp_efuse_api_key.c.o
Compiling .pioenvs/tinky-s3/efuse/src/esp_efuse_startup.c.o
Compiling .pioenvs/tinky-s3/esp-tls/esp_tls.c.o
Compiling .pioenvs/tinky-s3/esp-tls/esp-tls-crypto/esp_tls_crypto.c.o
Archiving .pioenvs/tinky-s3/esp-idf/efuse/libefuse.a
Indexing .pioenvs/tinky-s3/esp-idf/efuse/libefuse.a
Archiving .pioenvs/tinky-s3/esp-idf/driver/libdriver.a
Compiling .pioenvs/tinky-s3/esp-tls/esp_tls_error_capture.c.o
Indexing .pioenvs/tinky-s3/esp-idf/driver/libdriver.a
Compiling .pioenvs/tinky-s3/esp-tls/esp_tls_platform_port.c.o
Compiling .pioenvs/tinky-s3/esp-tls/esp_tls_mbedtls.c.o
Compiling .pioenvs/tinky-s3/esp_adc/adc_oneshot.c.o
Compiling .pioenvs/tinky-s3/esp_adc/adc_common.c.o
Compiling .pioenvs/tinky-s3/esp_adc/adc_cali.c.o
Compiling .pioenvs/tinky-s3/esp_adc/adc_cali_curve_fitting.c.o
Compiling .pioenvs/tinky-s3/esp_adc/deprecated/esp_adc_cal_common_legacy.c.o
Compiling .pioenvs/tinky-s3/esp_adc/adc_continuous.c.o
Compiling .pioenvs/tinky-s3/esp_adc/adc_monitor.c.o
Compiling .pioenvs/tinky-s3/esp_adc/gdma/adc_dma.c.o
Compiling .pioenvs/tinky-s3/esp_adc/adc_filter.c.o
Compiling .pioenvs/tinky-s3/esp_adc/esp32s3/curve_fitting_coefficients.c.o
Archiving .pioenvs/tinky-s3/esp-idf/esp-tls/libesp-tls.a
Indexing .pioenvs/tinky-s3/esp-idf/esp-tls/libesp-tls.a
Compiling .pioenvs/tinky-s3/esp_adc/deprecated/esp32s3/esp_adc_cal_legacy.c.o
Compiling .pioenvs/tinky-s3/esp_app_format/esp_app_desc.c.o
Compiling .pioenvs/tinky-s3/esp_bootloader_format/esp_bootloader_desc.c.o
Compiling .pioenvs/tinky-s3/esp_coex/esp32s3/esp_coex_adapter.c.o
Archiving .pioenvs/tinky-s3/esp-idf/esp_app_format/libesp_app_format.a
Indexing .pioenvs/tinky-s3/esp-idf/esp_app_format/libesp_app_format.a
Archiving .pioenvs/tinky-s3/esp-idf/esp_adc/libesp_adc.a
Archiving .pioenvs/tinky-s3/esp-idf/esp_bootloader_format/libesp_bootloader_format.a
Indexing .pioenvs/tinky-s3/esp-idf/esp_bootloader_format/libesp_bootloader_format.a
Indexing .pioenvs/tinky-s3/esp-idf/esp_adc/libesp_adc.a
Compiling .pioenvs/tinky-s3/esp_coex/src/coexist_debug_diagram.c.o
Compiling .pioenvs/tinky-s3/esp_coex/src/coexist_debug.c.o
Compiling .pioenvs/tinky-s3/esp_common/src/esp_err_to_name.c.o
Archiving .pioenvs/tinky-s3/esp-idf/esp_coex/libesp_coex.a
Indexing .pioenvs/tinky-s3/esp-idf/esp_coex/libesp_coex.a
Compiling .pioenvs/tinky-s3/esp_driver_cam/esp_cam_ctlr.c.o
Compiling .pioenvs/tinky-s3/esp_driver_cam/dvp_share_ctrl.c.o
Compiling .pioenvs/tinky-s3/esp_driver_cam/dvp/src/esp_cam_ctlr_dvp_gdma.c.o
Compiling .pioenvs/tinky-s3/esp_driver_cam/dvp/src/esp_cam_ctlr_dvp_cam.c.o
Compiling .pioenvs/tinky-s3/esp_driver_gpio/src/gpio.c.o
Archiving .pioenvs/tinky-s3/esp-idf/esp_common/libesp_common.a
Indexing .pioenvs/tinky-s3/esp-idf/esp_common/libesp_common.a
Compiling .pioenvs/tinky-s3/esp_driver_gpio/src/gpio_glitch_filter_ops.c.o
Compiling .pioenvs/tinky-s3/esp_driver_gpio/src/rtc_io.c.o
Compiling .pioenvs/tinky-s3/esp_driver_gpio/src/dedic_gpio.c.o
Compiling .pioenvs/tinky-s3/esp_driver_gpio/src/gpio_pin_glitch_filter.c.o
Compiling .pioenvs/tinky-s3/esp_driver_gptimer/src/gptimer.c.o
Compiling .pioenvs/tinky-s3/esp_driver_gptimer/src/gptimer_common.c.o
Compiling .pioenvs/tinky-s3/esp_driver_i2c/i2c_master.c.o
Compiling .pioenvs/tinky-s3/esp_driver_i2c/i2c_common.c.o
Compiling .pioenvs/tinky-s3/esp_driver_i2c/i2c_slave.c.o
Archiving .pioenvs/tinky-s3/esp-idf/esp_driver_cam/libesp_driver_cam.a
Indexing .pioenvs/tinky-s3/esp-idf/esp_driver_cam/libesp_driver_cam.a
Compiling .pioenvs/tinky-s3/esp_driver_i2s/i2s_common.c.o
Compiling .pioenvs/tinky-s3/esp_driver_i2s/i2s_std.c.o
Archiving .pioenvs/tinky-s3/esp-idf/esp_driver_gptimer/libesp_driver_gptimer.a
Indexing .pioenvs/tinky-s3/esp-idf/esp_driver_gptimer/libesp_driver_gptimer.a
Compiling .pioenvs/tinky-s3/esp_driver_i2s/i2s_pdm.c.o
Compiling .pioenvs/tinky-s3/esp_driver_i2s/i2s_tdm.c.o
Compiling .pioenvs/tinky-s3/esp_driver_i2s/i2s_platform.c.o
Archiving .pioenvs/tinky-s3/esp-idf/esp_driver_gpio/libesp_driver_gpio.a
Indexing .pioenvs/tinky-s3/esp-idf/esp_driver_gpio/libesp_driver_gpio.a
Compiling .pioenvs/tinky-s3/esp_driver_ledc/src/ledc.c.o
Compiling .pioenvs/tinky-s3/esp_driver_mcpwm/src/mcpwm_cap.c.o
Compiling .pioenvs/tinky-s3/esp_driver_mcpwm/src/mcpwm_cmpr.c.o
Compiling .pioenvs/tinky-s3/esp_driver_mcpwm/src/mcpwm_com.c.o
Compiling .pioenvs/tinky-s3/esp_driver_mcpwm/src/mcpwm_fault.c.o
Compiling .pioenvs/tinky-s3/esp_driver_mcpwm/src/mcpwm_gen.c.o
Archiving .pioenvs/tinky-s3/esp-idf/esp_driver_i2c/libesp_driver_i2c.a
Indexing .pioenvs/tinky-s3/esp-idf/esp_driver_i2c/libesp_driver_i2c.a
Compiling .pioenvs/tinky-s3/esp_driver_mcpwm/src/mcpwm_oper.c.o
Archiving .pioenvs/tinky-s3/esp-idf/esp_driver_i2s/libesp_driver_i2s.a
Indexing .pioenvs/tinky-s3/esp-idf/esp_driver_i2s/libesp_driver_i2s.a
Compiling .pioenvs/tinky-s3/esp_driver_mcpwm/src/mcpwm_sync.c.o
Compiling .pioenvs/tinky-s3/esp_driver_mcpwm/src/mcpwm_timer.c.o
Compiling .pioenvs/tinky-s3/esp_driver_pcnt/src/pulse_cnt.c.o
Compiling .pioenvs/tinky-s3/esp_driver_rmt/src/rmt_common.c.o
Compiling .pioenvs/tinky-s3/esp_driver_rmt/src/rmt_encoder.c.o
Compiling .pioenvs/tinky-s3/esp_driver_rmt/src/rmt_encoder_bytes.c.o
Compiling .pioenvs/tinky-s3/esp_driver_rmt/src/rmt_encoder_copy.c.o
Compiling .pioenvs/tinky-s3/esp_driver_rmt/src/rmt_encoder_simple.c.o
Compiling .pioenvs/tinky-s3/esp_driver_rmt/src/rmt_rx.c.o
Archiving .pioenvs/tinky-s3/esp-idf/esp_driver_mcpwm/libesp_driver_mcpwm.a
Indexing .pioenvs/tinky-s3/esp-idf/esp_driver_mcpwm/libesp_driver_mcpwm.a
Compiling .pioenvs/tinky-s3/esp_driver_rmt/src/rmt_tx.c.o
Archiving .pioenvs/tinky-s3/esp-idf/esp_driver_ledc/libesp_driver_ledc.a
Indexing .pioenvs/tinky-s3/esp-idf/esp_driver_ledc/libesp_driver_ledc.a
Compiling .pioenvs/tinky-s3/esp_driver_sdm/src/sdm.c.o
Compiling .pioenvs/tinky-s3/esp_driver_sdmmc/src/sdmmc_transaction.c.o
Compiling .pioenvs/tinky-s3/esp_driver_sdmmc/src/sdmmc_host.c.o
Archiving .pioenvs/tinky-s3/esp-idf/esp_driver_pcnt/libesp_driver_pcnt.a
Indexing .pioenvs/tinky-s3/esp-idf/esp_driver_pcnt/libesp_driver_pcnt.a
Compiling .pioenvs/tinky-s3/esp_driver_sdspi/src/sdspi_crc.c.o
Compiling .pioenvs/tinky-s3/esp_driver_sdspi/src/sdspi_host.c.o
Archiving .pioenvs/tinky-s3/esp-idf/esp_driver_sdm/libesp_driver_sdm.a
Indexing .pioenvs/tinky-s3/esp-idf/esp_driver_sdm/libesp_driver_sdm.a
Compiling .pioenvs/tinky-s3/esp_driver_sdspi/src/sdspi_transaction.c.o
Compiling .pioenvs/tinky-s3/esp_driver_spi/src/gpspi/spi_common.c.o
Compiling .pioenvs/tinky-s3/esp_driver_spi/src/gpspi/spi_master.c.o
Compiling .pioenvs/tinky-s3/esp_driver_spi/src/gpspi/spi_slave.c.o
Compiling .pioenvs/tinky-s3/esp_driver_spi/src/gpspi/spi_slave_hd.c.o
Compiling .pioenvs/tinky-s3/esp_driver_touch_sens/common/touch_sens_common.c.o
Archiving .pioenvs/tinky-s3/esp-idf/esp_driver_sdspi/libesp_driver_sdspi.a
Indexing .pioenvs/tinky-s3/esp-idf/esp_driver_sdspi/libesp_driver_sdspi.a
Compiling .pioenvs/tinky-s3/esp_driver_touch_sens/hw_ver2/touch_version_specific.c.o
Archiving .pioenvs/tinky-s3/esp-idf/esp_driver_rmt/libesp_driver_rmt.a
Indexing .pioenvs/tinky-s3/esp-idf/esp_driver_rmt/libesp_driver_rmt.a
Compiling .pioenvs/tinky-s3/esp_driver_tsens/src/temperature_sensor.c.o
Archiving .pioenvs/tinky-s3/esp-idf/esp_driver_sdmmc/libesp_driver_sdmmc.a
Indexing .pioenvs/tinky-s3/esp-idf/esp_driver_sdmmc/libesp_driver_sdmmc.a
Compiling .pioenvs/tinky-s3/esp_driver_twai/esp_twai.c.o
Compiling .pioenvs/tinky-s3/esp_driver_twai/esp_twai_onchip.c.o
Compiling .pioenvs/tinky-s3/esp_driver_uart/src/uart.c.o
Compiling .pioenvs/tinky-s3/esp_driver_uart/src/uart_wakeup.c.o
Archiving .pioenvs/tinky-s3/esp-idf/esp_driver_tsens/libesp_driver_tsens.a
Indexing .pioenvs/tinky-s3/esp-idf/esp_driver_tsens/libesp_driver_tsens.a
Compiling .pioenvs/tinky-s3/esp_driver_uart/src/uhci.c.o
Compiling .pioenvs/tinky-s3/esp_driver_uart/src/uart_vfs.c.o
Archiving .pioenvs/tinky-s3/esp-idf/esp_driver_touch_sens/libesp_driver_touch_sens.a
Indexing .pioenvs/tinky-s3/esp-idf/esp_driver_touch_sens/libesp_driver_touch_sens.a
Archiving .pioenvs/tinky-s3/esp-idf/esp_driver_spi/libesp_driver_spi.a
Indexing .pioenvs/tinky-s3/esp-idf/esp_driver_spi/libesp_driver_spi.a
Compiling .pioenvs/tinky-s3/esp_driver_usb_serial_jtag/src/usb_serial_jtag.c.o
Compiling .pioenvs/tinky-s3/esp_driver_usb_serial_jtag/src/usb_serial_jtag_connection_monitor.c.o
Compiling .pioenvs/tinky-s3/esp_driver_usb_serial_jtag/src/usb_serial_jtag_vfs.c.o
Compiling .pioenvs/tinky-s3/esp_eth/src/esp_eth.c.o
Compiling .pioenvs/tinky-s3/esp_eth/src/phy/esp_eth_phy_802_3.c.o
Archiving .pioenvs/tinky-s3/esp-idf/esp_driver_twai/libesp_driver_twai.a
Indexing .pioenvs/tinky-s3/esp-idf/esp_driver_twai/libesp_driver_twai.a
Compiling .pioenvs/tinky-s3/esp_eth/src/esp_eth_netif_glue.c.o
Compiling .pioenvs/tinky-s3/esp_event/default_event_loop.c.o
Archiving .pioenvs/tinky-s3/esp-idf/esp_driver_usb_serial_jtag/libesp_driver_usb_serial_jtag.a
Indexing .pioenvs/tinky-s3/esp-idf/esp_driver_usb_serial_jtag/libesp_driver_usb_serial_jtag.a
Compiling .pioenvs/tinky-s3/esp_event/esp_event.c.o
Compiling .pioenvs/tinky-s3/esp_event/esp_event_private.c.o
Compiling .pioenvs/tinky-s3/esp_gdbstub/src/gdbstub.c.o
Compiling .pioenvs/tinky-s3/esp_gdbstub/src/gdbstub_transport.c.o
Compiling .pioenvs/tinky-s3/esp_gdbstub/src/packet.c.o
Compiling .pioenvs/tinky-s3/esp_gdbstub/src/port/xtensa/gdbstub_xtensa.c.o
Compiling .pioenvs/tinky-s3/esp_gdbstub/src/port/xtensa/gdbstub-entry.S.o
Archiving .pioenvs/tinky-s3/esp-idf/esp_eth/libesp_eth.a
Indexing .pioenvs/tinky-s3/esp-idf/esp_eth/libesp_eth.a
Compiling .pioenvs/tinky-s3/esp_gdbstub/src/port/xtensa/xt_debugexception.S.o
Compiling .pioenvs/tinky-s3/esp_hid/src/esp_hidd.c.o
Compiling .pioenvs/tinky-s3/esp_hid/src/esp_hidh.c.o
Archiving .pioenvs/tinky-s3/esp-idf/esp_event/libesp_event.a
Indexing .pioenvs/tinky-s3/esp-idf/esp_event/libesp_event.a
Archiving .pioenvs/tinky-s3/esp-idf/esp_gdbstub/libesp_gdbstub.a
Indexing .pioenvs/tinky-s3/esp-idf/esp_gdbstub/libesp_gdbstub.a
Compiling .pioenvs/tinky-s3/esp_hid/src/esp_hid_common.c.o
Compiling .pioenvs/tinky-s3/esp_http_client/esp_http_client.c.o
Compiling .pioenvs/tinky-s3/esp_http_client/lib/http_auth.c.o
Compiling .pioenvs/tinky-s3/esp_http_client/lib/http_header.c.o
Archiving .pioenvs/tinky-s3/esp-idf/esp_driver_uart/libesp_driver_uart.a
Indexing .pioenvs/tinky-s3/esp-idf/esp_driver_uart/libesp_driver_uart.a
Compiling .pioenvs/tinky-s3/esp_http_client/lib/http_utils.c.o
Compiling .pioenvs/tinky-s3/esp_http_server/src/httpd_main.c.o
Compiling .pioenvs/tinky-s3/esp_http_server/src/httpd_parse.c.o
Archiving .pioenvs/tinky-s3/esp-idf/esp_hid/libesp_hid.a
Indexing .pioenvs/tinky-s3/esp-idf/esp_hid/libesp_hid.a
Compiling .pioenvs/tinky-s3/esp_http_server/src/httpd_sess.c.o
Compiling .pioenvs/tinky-s3/esp_http_server/src/httpd_txrx.c.o
Compiling .pioenvs/tinky-s3/esp_http_server/src/httpd_uri.c.o
Compiling .pioenvs/tinky-s3/esp_http_server/src/httpd_ws.c.o
Compiling .pioenvs/tinky-s3/esp_http_server/src/util/ctrl_sock.c.o
Compiling .pioenvs/tinky-s3/esp_https_ota/src/esp_https_ota.c.o
Compiling .pioenvs/tinky-s3/esp_hw_support/cpu.c.o
Compiling .pioenvs/tinky-s3/esp_hw_support/port/esp32s3/esp_cpu_intr.c.o
Compiling .pioenvs/tinky-s3/esp_hw_support/esp_memory_utils.c.o
Archiving .pioenvs/tinky-s3/esp-idf/esp_http_server/libesp_http_server.a
Indexing .pioenvs/tinky-s3/esp-idf/esp_http_server/libesp_http_server.a
Compiling .pioenvs/tinky-s3/esp_hw_support/port/esp32s3/cpu_region_protect.c.o
Compiling .pioenvs/tinky-s3/esp_hw_support/esp_clk.c.o
Compiling .pioenvs/tinky-s3/esp_hw_support/clk_ctrl_os.c.o
Archiving .pioenvs/tinky-s3/esp-idf/esp_http_client/libesp_http_client.a
Indexing .pioenvs/tinky-s3/esp-idf/esp_http_client/libesp_http_client.a
Compiling .pioenvs/tinky-s3/esp_hw_support/hw_random.c.o
Compiling .pioenvs/tinky-s3/esp_hw_support/intr_alloc.c.o
Compiling .pioenvs/tinky-s3/esp_hw_support/mac_addr.c.o
Compiling .pioenvs/tinky-s3/esp_hw_support/periph_ctrl.c.o
Archiving .pioenvs/tinky-s3/esp-idf/esp_https_ota/libesp_https_ota.a
Indexing .pioenvs/tinky-s3/esp-idf/esp_https_ota/libesp_https_ota.a
Compiling .pioenvs/tinky-s3/esp_hw_support/revision.c.o
Compiling .pioenvs/tinky-s3/esp_hw_support/rtc_module.c.o
Compiling .pioenvs/tinky-s3/esp_hw_support/regi2c_ctrl.c.o
Compiling .pioenvs/tinky-s3/esp_hw_support/esp_gpio_reserve.c.o
Compiling .pioenvs/tinky-s3/esp_hw_support/sar_periph_ctrl_common.c.o
Compiling .pioenvs/tinky-s3/esp_hw_support/port/esp32s3/io_mux.c.o
Compiling .pioenvs/tinky-s3/esp_hw_support/port/esp32s3/esp_clk_tree.c.o
Compiling .pioenvs/tinky-s3/esp_hw_support/dma/esp_dma_utils.c.o
Compiling .pioenvs/tinky-s3/esp_hw_support/dma/gdma_link.c.o
Compiling .pioenvs/tinky-s3/esp_hw_support/spi_bus_lock.c.o
Compiling .pioenvs/tinky-s3/esp_hw_support/clk_utils.c.o
Compiling .pioenvs/tinky-s3/esp_hw_support/port/esp_clk_tree_common.c.o
Compiling .pioenvs/tinky-s3/esp_hw_support/spi_share_hw_ctrl.c.o
Compiling .pioenvs/tinky-s3/esp_hw_support/adc_share_hw_ctrl.c.o
Compiling .pioenvs/tinky-s3/esp_hw_support/sleep_modem.c.o
Compiling .pioenvs/tinky-s3/esp_hw_support/sleep_modes.c.o
Compiling .pioenvs/tinky-s3/esp_hw_support/sleep_console.c.o
Compiling .pioenvs/tinky-s3/esp_hw_support/sleep_mspi.c.o
Compiling .pioenvs/tinky-s3/esp_hw_support/sleep_usb.c.o
Compiling .pioenvs/tinky-s3/esp_hw_support/sleep_gpio.c.o
Compiling .pioenvs/tinky-s3/esp_hw_support/sleep_event.c.o
Compiling .pioenvs/tinky-s3/esp_hw_support/dma/gdma.c.o
Compiling .pioenvs/tinky-s3/esp_hw_support/deprecated/gdma_legacy.c.o
Compiling .pioenvs/tinky-s3/esp_hw_support/dma/esp_async_memcpy.c.o
Compiling .pioenvs/tinky-s3/esp_hw_support/dma/async_memcpy_gdma.c.o
Compiling .pioenvs/tinky-s3/esp_hw_support/port/esp32s3/systimer.c.o
Compiling .pioenvs/tinky-s3/esp_hw_support/mspi_timing_tuning/mspi_timing_tuning.c.o
Compiling .pioenvs/tinky-s3/esp_hw_support/sleep_wake_stub.c.o
Compiling .pioenvs/tinky-s3/esp_hw_support/esp_clock_output.c.o
Compiling .pioenvs/tinky-s3/esp_hw_support/power_supply/brownout.c.o
Compiling .pioenvs/tinky-s3/esp_hw_support/port/esp32s3/rtc_clk.c.o
Compiling .pioenvs/tinky-s3/esp_hw_support/port/esp32s3/rtc_clk_init.c.o
Compiling .pioenvs/tinky-s3/esp_hw_support/port/esp32s3/rtc_init.c.o
Compiling .pioenvs/tinky-s3/esp_hw_support/port/esp32s3/rtc_sleep.c.o
Compiling .pioenvs/tinky-s3/esp_hw_support/port/esp32s3/rtc_time.c.o
Compiling .pioenvs/tinky-s3/esp_hw_support/port/esp32s3/chip_info.c.o
Compiling .pioenvs/tinky-s3/esp_hw_support/port/esp32s3/sar_periph_ctrl.c.o
Compiling .pioenvs/tinky-s3/esp_hw_support/port/esp32s3/esp_memprot.c.o
Compiling .pioenvs/tinky-s3/esp_hw_support/port/esp_memprot_conv.c.o
Compiling .pioenvs/tinky-s3/esp_hw_support/mspi_timing_tuning/port/esp32s3/mspi_timing_config.c.o
Compiling .pioenvs/tinky-s3/esp_hw_support/mspi_timing_tuning/port/esp32s3/mspi_timing_by_mspi_delay.c.o
Compiling .pioenvs/tinky-s3/esp_hw_support/lowpower/port/esp32s3/sleep_cpu.c.o
Compiling .pioenvs/tinky-s3/esp_mm/esp_mmu_map.c.o
Compiling .pioenvs/tinky-s3/esp_mm/port/esp32s3/ext_mem_layout.c.o
Compiling .pioenvs/tinky-s3/esp_mm/esp_cache_msync.c.o
Compiling .pioenvs/tinky-s3/esp_mm/esp_cache_utils.c.o
Compiling .pioenvs/tinky-s3/esp_mm/heap_align_hw.c.o
Compiling .pioenvs/tinky-s3/esp_netif/esp_netif_handlers.c.o
Compiling .pioenvs/tinky-s3/esp_netif/esp_netif_objects.c.o
Compiling .pioenvs/tinky-s3/esp_netif/esp_netif_defaults.c.o
Compiling .pioenvs/tinky-s3/esp_netif/lwip/esp_netif_lwip.c.o
Compiling .pioenvs/tinky-s3/esp_netif/lwip/esp_netif_sntp.c.o
Archiving .pioenvs/tinky-s3/esp-idf/esp_mm/libesp_mm.a
Indexing .pioenvs/tinky-s3/esp-idf/esp_mm/libesp_mm.a
Compiling .pioenvs/tinky-s3/esp_netif/lwip/esp_netif_lwip_defaults.c.o
Compiling .pioenvs/tinky-s3/esp_netif/lwip/netif/wlanif.c.o
Compiling .pioenvs/tinky-s3/esp_netif/lwip/netif/ethernetif.c.o
Compiling .pioenvs/tinky-s3/esp_netif/lwip/netif/esp_pbuf_ref.c.o
Compiling .pioenvs/tinky-s3/esp_partition/partition.c.o
Archiving .pioenvs/tinky-s3/esp-idf/esp_hw_support/libesp_hw_support.a
Compiling .pioenvs/tinky-s3/esp_partition/partition_target.c.o
Indexing .pioenvs/tinky-s3/esp-idf/esp_hw_support/libesp_hw_support.a
Compiling .pioenvs/tinky-s3/esp_phy/src/phy_override.c.o
Compiling .pioenvs/tinky-s3/esp_phy/src/lib_printf.c.o
Compiling .pioenvs/tinky-s3/esp_phy/src/phy_common.c.o
Compiling .pioenvs/tinky-s3/esp_phy/src/phy_init.c.o
Archiving .pioenvs/tinky-s3/esp-idf/esp_partition/libesp_partition.a
Indexing .pioenvs/tinky-s3/esp-idf/esp_partition/libesp_partition.a
Compiling .pioenvs/tinky-s3/esp_phy/esp32s3/phy_init_data.c.o
Compiling .pioenvs/tinky-s3/esp_phy/src/btbb_init.c.o
Compiling .pioenvs/tinky-s3/esp_pm/pm_locks.c.o
Compiling .pioenvs/tinky-s3/esp_pm/pm_trace.c.o
Compiling .pioenvs/tinky-s3/esp_pm/pm_impl.c.o
Compiling .pioenvs/tinky-s3/esp_psram/system_layer/esp_psram_mspi.c.o
Archiving .pioenvs/tinky-s3/esp-idf/esp_phy/libesp_phy.a
Indexing .pioenvs/tinky-s3/esp-idf/esp_phy/libesp_phy.a
Compiling .pioenvs/tinky-s3/esp_ringbuf/ringbuf.c.o
Archiving .pioenvs/tinky-s3/esp-idf/esp_psram/libesp_psram.a
Indexing .pioenvs/tinky-s3/esp-idf/esp_psram/libesp_psram.a
Compiling .pioenvs/tinky-s3/esp_rom/patches/esp_rom_sys.c.o
Compiling .pioenvs/tinky-s3/esp_rom/patches/esp_rom_print.c.o
Archiving .pioenvs/tinky-s3/esp-idf/esp_netif/libesp_netif.a
Indexing .pioenvs/tinky-s3/esp-idf/esp_netif/libesp_netif.a
Compiling .pioenvs/tinky-s3/esp_rom/patches/esp_rom_crc.c.o
Archiving .pioenvs/tinky-s3/esp-idf/esp_pm/libesp_pm.a
Indexing .pioenvs/tinky-s3/esp-idf/esp_pm/libesp_pm.a
Compiling .pioenvs/tinky-s3/esp_rom/patches/esp_rom_uart.c.o
Compiling .pioenvs/tinky-s3/esp_rom/patches/esp_rom_spiflash.c.o
Compiling .pioenvs/tinky-s3/esp_rom/patches/esp_rom_efuse.c.o
Compiling .pioenvs/tinky-s3/esp_rom/patches/esp_rom_gpio.c.o
Compiling .pioenvs/tinky-s3/esp_rom/patches/esp_rom_longjmp.S.o
Compiling .pioenvs/tinky-s3/esp_rom/patches/esp_rom_systimer.c.o
Compiling .pioenvs/tinky-s3/esp_rom/patches/esp_rom_wdt.c.o
Compiling .pioenvs/tinky-s3/esp_rom/patches/esp_rom_cache_esp32s2_esp32s3.c.o
Compiling .pioenvs/tinky-s3/esp_rom/patches/esp_rom_cache_writeback_esp32s3.S.o
Compiling .pioenvs/tinky-s3/esp_security/src/init.c.o
Compiling .pioenvs/tinky-s3/esp_security/src/esp_hmac.c.o
Archiving .pioenvs/tinky-s3/esp-idf/esp_rom/libesp_rom.a
Archiving .pioenvs/tinky-s3/esp-idf/esp_ringbuf/libesp_ringbuf.a
Indexing .pioenvs/tinky-s3/esp-idf/esp_rom/libesp_rom.a
Indexing .pioenvs/tinky-s3/esp-idf/esp_ringbuf/libesp_ringbuf.a
Compiling .pioenvs/tinky-s3/esp_security/src/esp_ds.c.o
Compiling .pioenvs/tinky-s3/esp_security/src/esp_crypto_lock.c.o
Compiling .pioenvs/tinky-s3/esp_security/src/esp_crypto_periph_clk.c.o
Compiling .pioenvs/tinky-s3/esp_system/esp_err.c.o
Compiling .pioenvs/tinky-s3/esp_system/crosscore_int.c.o
Compiling .pioenvs/tinky-s3/esp_system/esp_ipc.c.o
Archiving .pioenvs/tinky-s3/esp-idf/esp_security/libesp_security.a
Indexing .pioenvs/tinky-s3/esp-idf/esp_security/libesp_security.a
Compiling .pioenvs/tinky-s3/esp_system/esp_system_console.c.o
Compiling .pioenvs/tinky-s3/esp_system/freertos_hooks.c.o
Compiling .pioenvs/tinky-s3/esp_system/int_wdt.c.o
Compiling .pioenvs/tinky-s3/esp_system/panic.c.o
Compiling .pioenvs/tinky-s3/esp_system/esp_system.c.o
Compiling .pioenvs/tinky-s3/esp_system/startup.c.o
Compiling .pioenvs/tinky-s3/esp_system/startup_funcs.c.o
Compiling .pioenvs/tinky-s3/esp_system/system_time.c.o
Compiling .pioenvs/tinky-s3/esp_system/stack_check.c.o
Compiling .pioenvs/tinky-s3/esp_system/ubsan.c.o
Compiling .pioenvs/tinky-s3/esp_system/xt_wdt.c.o
Compiling .pioenvs/tinky-s3/esp_system/task_wdt/task_wdt.c.o
Compiling .pioenvs/tinky-s3/esp_system/task_wdt/task_wdt_impl_timergroup.c.o
Compiling .pioenvs/tinky-s3/esp_system/port/cpu_start.c.o
Compiling .pioenvs/tinky-s3/esp_system/port/panic_handler.c.o
Compiling .pioenvs/tinky-s3/esp_system/port/esp_system_chip.c.o
Compiling .pioenvs/tinky-s3/esp_system/port/image_process.c.o
Compiling .pioenvs/tinky-s3/esp_system/port/esp_ipc_isr.c.o
Compiling .pioenvs/tinky-s3/esp_system/port/arch/xtensa/esp_ipc_isr_port.c.o
Compiling .pioenvs/tinky-s3/esp_system/port/arch/xtensa/esp_ipc_isr_handler.S.o
Compiling .pioenvs/tinky-s3/esp_system/port/arch/xtensa/esp_ipc_isr_routines.S.o
Compiling .pioenvs/tinky-s3/esp_system/port/arch/xtensa/panic_arch.c.o
Compiling .pioenvs/tinky-s3/esp_system/port/arch/xtensa/panic_handler_asm.S.o
Compiling .pioenvs/tinky-s3/esp_system/port/arch/xtensa/expression_with_stack.c.o
Compiling .pioenvs/tinky-s3/esp_system/port/arch/xtensa/expression_with_stack_asm.S.o
Compiling .pioenvs/tinky-s3/esp_system/port/arch/xtensa/debug_helpers.c.o
Compiling .pioenvs/tinky-s3/esp_system/port/arch/xtensa/debug_helpers_asm.S.o
Compiling .pioenvs/tinky-s3/esp_system/port/arch/xtensa/debug_stubs.c.o
Compiling .pioenvs/tinky-s3/esp_system/port/arch/xtensa/trax.c.o
Compiling .pioenvs/tinky-s3/esp_system/port/soc/esp32s3/highint_hdl.S.o
Compiling .pioenvs/tinky-s3/esp_system/port/soc/esp32s3/clk.c.o
Compiling .pioenvs/tinky-s3/esp_system/port/soc/esp32s3/reset_reason.c.o
Compiling .pioenvs/tinky-s3/esp_system/port/soc/esp32s3/system_internal.c.o
Compiling .pioenvs/tinky-s3/esp_system/port/soc/esp32s3/cache_err_int.c.o
Compiling .pioenvs/tinky-s3/esp_system/port/soc/esp32s3/apb_backup_dma.c.o
Compiling .pioenvs/tinky-s3/esp_timer/src/esp_timer.c.o
Compiling .pioenvs/tinky-s3/esp_timer/src/esp_timer_init.c.o
Archiving .pioenvs/tinky-s3/esp-idf/esp_system/libesp_system.a
Compiling .pioenvs/tinky-s3/esp_timer/src/ets_timer_legacy.c.o
Indexing .pioenvs/tinky-s3/esp-idf/esp_system/libesp_system.a
Compiling .pioenvs/tinky-s3/esp_timer/src/system_time.c.o
Compiling .pioenvs/tinky-s3/esp_timer/src/esp_timer_impl_common.c.o
Compiling .pioenvs/tinky-s3/esp_timer/src/esp_timer_impl_systimer.c.o
Compiling .pioenvs/tinky-s3/esp_vfs_console/vfs_console.c.o
Compiling .pioenvs/tinky-s3/esp_wifi/src/lib_printf.c.o
Compiling .pioenvs/tinky-s3/esp_wifi/src/mesh_event.c.o
Archiving .pioenvs/tinky-s3/esp-idf/esp_vfs_console/libesp_vfs_console.a
Indexing .pioenvs/tinky-s3/esp-idf/esp_vfs_console/libesp_vfs_console.a
Archiving .pioenvs/tinky-s3/esp-idf/esp_timer/libesp_timer.a
Indexing .pioenvs/tinky-s3/esp-idf/esp_timer/libesp_timer.a
Compiling .pioenvs/tinky-s3/esp_wifi/src/smartconfig.c.o
Compiling .pioenvs/tinky-s3/esp_wifi/src/wifi_init.c.o
Compiling .pioenvs/tinky-s3/esp_wifi/src/wifi_default.c.o
Compiling .pioenvs/tinky-s3/esp_wifi/src/wifi_netif.c.o
Compiling .pioenvs/tinky-s3/esp_wifi/src/wifi_default_ap.c.o
Compiling .pioenvs/tinky-s3/esp_wifi/esp32s3/esp_adapter.c.o
Compiling .pioenvs/tinky-s3/esp_wifi/regulatory/esp_wifi_regulatory.c.o
Compiling .pioenvs/tinky-s3/esp_wifi/src/smartconfig_ack.c.o
Compiling .pioenvs/tinky-s3/managed_components/espressif__mdns/mdns_responder.c.o
Compiling .pioenvs/tinky-s3/managed_components/espressif__mdns/mdns_receive.c.o
Compiling .pioenvs/tinky-s3/managed_components/espressif__mdns/mdns_utils.c.o
Compiling .pioenvs/tinky-s3/managed_components/espressif__mdns/mdns_debug.c.o
Compiling .pioenvs/tinky-s3/managed_components/espressif__mdns/mdns_browser.c.o
Compiling .pioenvs/tinky-s3/managed_components/espressif__mdns/mdns_send.c.o
Archiving .pioenvs/tinky-s3/esp-idf/esp_wifi/libesp_wifi.a
Compiling .pioenvs/tinky-s3/managed_components/espressif__mdns/mdns_netif.c.o
Indexing .pioenvs/tinky-s3/esp-idf/esp_wifi/libesp_wifi.a
Compiling .pioenvs/tinky-s3/managed_components/espressif__mdns/mdns_querier.c.o
Compiling .pioenvs/tinky-s3/managed_components/espressif__mdns/mdns_pcb.c.o
Compiling .pioenvs/tinky-s3/managed_components/espressif__mdns/mdns_service.c.o
Compiling .pioenvs/tinky-s3/managed_components/espressif__mdns/mdns_mem_caps.c.o
Compiling .pioenvs/tinky-s3/managed_components/espressif__mdns/mdns_networking_lwip.c.o
Compiling .pioenvs/tinky-s3/managed_components/espressif__mdns/mdns_console.c.o
Compiling .pioenvs/tinky-s3/fatfs/diskio/diskio.c.o
Compiling .pioenvs/tinky-s3/fatfs/diskio/diskio_rawflash.c.o
Compiling .pioenvs/tinky-s3/fatfs/diskio/diskio_wl.c.o
Compiling .pioenvs/tinky-s3/fatfs/src/ff.c.o
Compiling .pioenvs/tinky-s3/fatfs/src/ffunicode.c.o
Compiling .pioenvs/tinky-s3/fatfs/port/freertos/ffsystem.c.o
Compiling .pioenvs/tinky-s3/fatfs/diskio/diskio_sdmmc.c.o
Compiling .pioenvs/tinky-s3/fatfs/vfs/vfs_fat.c.o
Compiling .pioenvs/tinky-s3/fatfs/vfs/vfs_fat_sdmmc.c.o
Compiling .pioenvs/tinky-s3/fatfs/vfs/vfs_fat_spiflash.c.o
Compiling .pioenvs/tinky-s3/base64.cpp.o
Archiving .pioenvs/tinky-s3/esp-idf/espressif__mdns/libespressif__mdns.a
Compiling .pioenvs/tinky-s3/cbuf.cpp.o
Indexing .pioenvs/tinky-s3/esp-idf/espressif__mdns/libespressif__mdns.a
Compiling .pioenvs/tinky-s3/ColorFormat.c.o
Compiling .pioenvs/tinky-s3/chip-debug-report.cpp.o
Compiling .pioenvs/tinky-s3/esp32-hal-adc.c.o
Compiling .pioenvs/tinky-s3/esp32-hal-bt.c.o
Compiling .pioenvs/tinky-s3/esp32-hal-cpu.c.o
Compiling .pioenvs/tinky-s3/esp32-hal-dac.c.o
Compiling .pioenvs/tinky-s3/esp32-hal-gpio.c.o
Compiling .pioenvs/tinky-s3/esp32-hal-hosted.c.o
Compiling .pioenvs/tinky-s3/esp32-hal-i2c.c.o
Compiling .pioenvs/tinky-s3/esp32-hal-i2c-ng.c.o
Compiling .pioenvs/tinky-s3/esp32-hal-i2c-slave.c.o
Compiling .pioenvs/tinky-s3/esp32-hal-ledc.c.o
Compiling .pioenvs/tinky-s3/esp32-hal-log-wrapper.c.o
Archiving .pioenvs/tinky-s3/esp-idf/fatfs/libfatfs.a
Compiling .pioenvs/tinky-s3/esp32-hal-matrix.c.o
Indexing .pioenvs/tinky-s3/esp-idf/fatfs/libfatfs.a
Compiling .pioenvs/tinky-s3/esp32-hal-misc.c.o
Compiling .pioenvs/tinky-s3/esp32-hal-periman.c.o
Compiling .pioenvs/tinky-s3/esp32-hal-ldo.c.o
Compiling .pioenvs/tinky-s3/esp32-hal-psram.c.o
Compiling .pioenvs/tinky-s3/esp32-hal-rgb-led.c.o
Compiling .pioenvs/tinky-s3/esp32-hal-sigmadelta.c.o
Compiling .pioenvs/tinky-s3/esp32-hal-spi.c.o
Compiling .pioenvs/tinky-s3/esp32-hal-time.c.o
Compiling .pioenvs/tinky-s3/esp32-hal-timer.c.o
Compiling .pioenvs/tinky-s3/esp32-hal-tinyusb.c.o
Compiling .pioenvs/tinky-s3/esp32-hal-touch.c.o
Compiling .pioenvs/tinky-s3/esp32-hal-touch-ng.c.o
Compiling .pioenvs/tinky-s3/esp32-hal-uart.c.o
Compiling .pioenvs/tinky-s3/esp32-hal-rmt.c.o
Compiling .pioenvs/tinky-s3/Esp.cpp.o
Compiling .pioenvs/tinky-s3/freertos_stats.cpp.o
Compiling .pioenvs/tinky-s3/FunctionalInterrupt.cpp.o
Compiling .pioenvs/tinky-s3/HardwareSerial.cpp.o
Compiling .pioenvs/tinky-s3/HashBuilder.cpp.o
Compiling .pioenvs/tinky-s3/HEXBuilder.cpp.o
Compiling .pioenvs/tinky-s3/idf_openthread_mpool_wrapper.c.o
Compiling .pioenvs/tinky-s3/IPAddress.cpp.o
Compiling .pioenvs/tinky-s3/cdecode.c.o
Compiling .pioenvs/tinky-s3/cencode.c.o
Compiling .pioenvs/tinky-s3/MacAddress.cpp.o
Compiling .pioenvs/tinky-s3/main.cpp.o
Compiling .pioenvs/tinky-s3/MD5Builder.cpp.o
Compiling .pioenvs/tinky-s3/Print.cpp.o
Compiling .pioenvs/tinky-s3/stdlib_noniso.c.o
Compiling .pioenvs/tinky-s3/Stream.cpp.o
Compiling .pioenvs/tinky-s3/StreamString.cpp.o
Compiling .pioenvs/tinky-s3/StringUtils.cpp.o
Compiling .pioenvs/tinky-s3/Tone.cpp.o
Compiling .pioenvs/tinky-s3/HWCDC.cpp.o
Compiling .pioenvs/tinky-s3/USB.cpp.o
Compiling .pioenvs/tinky-s3/USBCDC.cpp.o
Compiling .pioenvs/tinky-s3/USBMSC.cpp.o
Compiling .pioenvs/tinky-s3/FirmwareMSC.cpp.o
Compiling .pioenvs/tinky-s3/firmware_msc_fat.c.o
Compiling .pioenvs/tinky-s3/wiring_pulse.c.o
Compiling .pioenvs/tinky-s3/wiring_shift.c.o
Compiling .pioenvs/tinky-s3/WMath.cpp.o
Compiling .pioenvs/tinky-s3/WString.cpp.o
Compiling .pioenvs/tinky-s3/freertos/heap_idf.c.o
Compiling .pioenvs/tinky-s3/freertos/app_startup.c.o
Compiling .pioenvs/tinky-s3/freertos/port_common.c.o
Compiling .pioenvs/tinky-s3/freertos/port_systick.c.o
Compiling .pioenvs/tinky-s3/freertos/FreeRTOS-Kernel/list.c.o
Compiling .pioenvs/tinky-s3/freertos/FreeRTOS-Kernel/queue.c.o
Compiling .pioenvs/tinky-s3/freertos/FreeRTOS-Kernel/tasks.c.o
Compiling .pioenvs/tinky-s3/freertos/FreeRTOS-Kernel/timers.c.o
Compiling .pioenvs/tinky-s3/freertos/FreeRTOS-Kernel/event_groups.c.o
Compiling .pioenvs/tinky-s3/freertos/FreeRTOS-Kernel/stream_buffer.c.o
Compiling .pioenvs/tinky-s3/freertos/FreeRTOS-Kernel/portable/xtensa/port.c.o
Compiling .pioenvs/tinky-s3/freertos/FreeRTOS-Kernel/portable/xtensa/portasm.S.o
Compiling .pioenvs/tinky-s3/freertos/FreeRTOS-Kernel/portable/xtensa/xtensa_init.c.o
Compiling .pioenvs/tinky-s3/freertos/FreeRTOS-Kernel/portable/xtensa/xtensa_overlay_os_hook.c.o
Compiling .pioenvs/tinky-s3/freertos/esp_additions/freertos_compatibility.c.o
Compiling .pioenvs/tinky-s3/freertos/esp_additions/idf_additions_event_groups.c.o
Compiling .pioenvs/tinky-s3/freertos/esp_additions/idf_additions.c.o
Compiling .pioenvs/tinky-s3/hal/hal_utils.c.o
Compiling .pioenvs/tinky-s3/hal/mpu_hal.c.o
Compiling .pioenvs/tinky-s3/hal/efuse_hal.c.o
Compiling .pioenvs/tinky-s3/hal/esp32s3/efuse_hal.c.o
Compiling .pioenvs/tinky-s3/hal/mmu_hal.c.o
Compiling .pioenvs/tinky-s3/hal/cache_hal.c.o
Compiling .pioenvs/tinky-s3/hal/color_hal.c.o
Compiling .pioenvs/tinky-s3/hal/spi_flash_hal.c.o
Compiling .pioenvs/tinky-s3/hal/spi_flash_hal_iram.c.o
Compiling .pioenvs/tinky-s3/hal/spi_flash_encrypt_hal_iram.c.o
Compiling .pioenvs/tinky-s3/hal/esp32s3/clk_tree_hal.c.o
Archiving .pioenvs/tinky-s3/esp-idf/freertos/libfreertos.a
Indexing .pioenvs/tinky-s3/esp-idf/freertos/libfreertos.a
Compiling .pioenvs/tinky-s3/hal/systimer_hal.c.o
Compiling .pioenvs/tinky-s3/hal/uart_hal.c.o
Compiling .pioenvs/tinky-s3/hal/uart_hal_iram.c.o
Compiling .pioenvs/tinky-s3/hal/gpio_hal.c.o
Compiling .pioenvs/tinky-s3/hal/rtc_io_hal.c.o
Compiling .pioenvs/tinky-s3/hal/timer_hal.c.o
Compiling .pioenvs/tinky-s3/hal/ledc_hal.c.o
Compiling .pioenvs/tinky-s3/hal/ledc_hal_iram.c.o
Archiving .pioenvs/tinky-s3/esp-idf/framework-arduinoespressif32/libframework-arduinoespressif32.a
Indexing .pioenvs/tinky-s3/esp-idf/framework-arduinoespressif32/libframework-arduinoespressif32.a
Compiling .pioenvs/tinky-s3/hal/i2c_hal.c.o
Compiling .pioenvs/tinky-s3/hal/i2c_hal_iram.c.o
Compiling .pioenvs/tinky-s3/hal/rmt_hal.c.o
Compiling .pioenvs/tinky-s3/hal/pcnt_hal.c.o
Compiling .pioenvs/tinky-s3/hal/mcpwm_hal.c.o
Compiling .pioenvs/tinky-s3/hal/uhci_hal.c.o
Compiling .pioenvs/tinky-s3/hal/twai_hal_v1.c.o
Compiling .pioenvs/tinky-s3/hal/gdma_hal_top.c.o
Compiling .pioenvs/tinky-s3/hal/gdma_hal_ahb_v1.c.o
Compiling .pioenvs/tinky-s3/hal/i2s_hal.c.o
Compiling .pioenvs/tinky-s3/hal/sdm_hal.c.o
Compiling .pioenvs/tinky-s3/hal/sdmmc_hal.c.o
Compiling .pioenvs/tinky-s3/hal/adc_hal_common.c.o
Compiling .pioenvs/tinky-s3/hal/adc_oneshot_hal.c.o
Compiling .pioenvs/tinky-s3/hal/adc_hal.c.o
Compiling .pioenvs/tinky-s3/hal/lcd_hal.c.o
Compiling .pioenvs/tinky-s3/hal/mpi_hal.c.o
Compiling .pioenvs/tinky-s3/hal/sha_hal.c.o
Compiling .pioenvs/tinky-s3/hal/aes_hal.c.o
Compiling .pioenvs/tinky-s3/hal/brownout_hal.c.o
Compiling .pioenvs/tinky-s3/hal/spi_hal.c.o
Compiling .pioenvs/tinky-s3/hal/spi_hal_iram.c.o
Compiling .pioenvs/tinky-s3/hal/spi_slave_hal.c.o
Compiling .pioenvs/tinky-s3/hal/spi_slave_hal_iram.c.o
Compiling .pioenvs/tinky-s3/hal/spi_slave_hd_hal.c.o
Compiling .pioenvs/tinky-s3/hal/spi_flash_hal_gpspi.c.o
Compiling .pioenvs/tinky-s3/hal/hmac_hal.c.o
Compiling .pioenvs/tinky-s3/hal/ds_hal.c.o
Compiling .pioenvs/tinky-s3/hal/cam_hal.c.o
Compiling .pioenvs/tinky-s3/hal/usb_serial_jtag_hal.c.o
Compiling .pioenvs/tinky-s3/hal/usb_dwc_hal.c.o
Compiling .pioenvs/tinky-s3/hal/usb_wrap_hal.c.o
Compiling .pioenvs/tinky-s3/hal/esp32s3/touch_sensor_hal.c.o
Compiling .pioenvs/tinky-s3/hal/touch_sensor_hal.c.o
Compiling .pioenvs/tinky-s3/hal/touch_sens_hal.c.o
Compiling .pioenvs/tinky-s3/hal/xt_wdt_hal.c.o
Compiling .pioenvs/tinky-s3/hal/esp32s3/rtc_cntl_hal.c.o
Compiling .pioenvs/tinky-s3/heap/heap_caps_base.c.o
Compiling .pioenvs/tinky-s3/heap/heap_caps.c.o
Compiling .pioenvs/tinky-s3/heap/heap_caps_init.c.o
Archiving .pioenvs/tinky-s3/esp-idf/hal/libhal.a
Compiling .pioenvs/tinky-s3/heap/multi_heap.c.o
Indexing .pioenvs/tinky-s3/esp-idf/hal/libhal.a
Compiling .pioenvs/tinky-s3/heap/tlsf/tlsf.c.o
Compiling .pioenvs/tinky-s3/heap/port/memory_layout_utils.c.o
Compiling .pioenvs/tinky-s3/heap/port/esp32s3/memory_layout.c.o
Compiling .pioenvs/tinky-s3/http_parser/http_parser.c.o
Compiling .pioenvs/tinky-s3/json/cJSON/cJSON.c.o
Compiling .pioenvs/tinky-s3/json/cJSON/cJSON_Utils.c.o
Compiling .pioenvs/tinky-s3/log/src/os/log_timestamp.c.o
Compiling .pioenvs/tinky-s3/log/src/log_timestamp_common.c.o
Compiling .pioenvs/tinky-s3/log/src/os/log_lock.c.o
Compiling .pioenvs/tinky-s3/log/src/buffer/log_buffers.c.o
Compiling .pioenvs/tinky-s3/log/src/os/util.c.o
Compiling .pioenvs/tinky-s3/log/src/util.c.o
Compiling .pioenvs/tinky-s3/log/src/log_format_text.c.o
Compiling .pioenvs/tinky-s3/log/src/log_print.c.o
Compiling .pioenvs/tinky-s3/log/src/log.c.o
Compiling .pioenvs/tinky-s3/log/src/os/log_write.c.o
Compiling .pioenvs/tinky-s3/log/src/log_level/log_level.c.o
Compiling .pioenvs/tinky-s3/log/src/log_level/tag_log_level/tag_log_level.c.o
Compiling .pioenvs/tinky-s3/lwip/apps/sntp/sntp.c.o
Archiving .pioenvs/tinky-s3/esp-idf/log/liblog.a
Indexing .pioenvs/tinky-s3/esp-idf/log/liblog.a
Compiling .pioenvs/tinky-s3/lwip/lwip/src/api/api_lib.c.o
Compiling .pioenvs/tinky-s3/lwip/lwip/src/api/api_msg.c.o
Archiving .pioenvs/tinky-s3/esp-idf/heap/libheap.a
Indexing .pioenvs/tinky-s3/esp-idf/heap/libheap.a
Compiling .pioenvs/tinky-s3/lwip/lwip/src/api/err.c.o
Compiling .pioenvs/tinky-s3/lwip/lwip/src/api/if_api.c.o
Compiling .pioenvs/tinky-s3/lwip/lwip/src/api/netbuf.c.o
Compiling .pioenvs/tinky-s3/lwip/lwip/src/api/netdb.c.o
Archiving .pioenvs/tinky-s3/esp-idf/json/libjson.a
Indexing .pioenvs/tinky-s3/esp-idf/json/libjson.a
Compiling .pioenvs/tinky-s3/lwip/lwip/src/api/netifapi.c.o
Compiling .pioenvs/tinky-s3/lwip/lwip/src/api/sockets.c.o
Compiling .pioenvs/tinky-s3/lwip/lwip/src/api/tcpip.c.o
Archiving .pioenvs/tinky-s3/esp-idf/http_parser/libhttp_parser.a
Indexing .pioenvs/tinky-s3/esp-idf/http_parser/libhttp_parser.a
Compiling .pioenvs/tinky-s3/lwip/lwip/src/apps/sntp/sntp.c.o
Compiling .pioenvs/tinky-s3/lwip/lwip/src/apps/netbiosns/netbiosns.c.o
Compiling .pioenvs/tinky-s3/lwip/lwip/src/core/def.c.o
Compiling .pioenvs/tinky-s3/lwip/lwip/src/core/dns.c.o
Compiling .pioenvs/tinky-s3/lwip/lwip/src/core/inet_chksum.c.o
Compiling .pioenvs/tinky-s3/lwip/lwip/src/core/init.c.o
Compiling .pioenvs/tinky-s3/lwip/lwip/src/core/ip.c.o
Compiling .pioenvs/tinky-s3/lwip/lwip/src/core/mem.c.o
Compiling .pioenvs/tinky-s3/lwip/lwip/src/core/memp.c.o
Compiling .pioenvs/tinky-s3/lwip/lwip/src/core/netif.c.o
Compiling .pioenvs/tinky-s3/lwip/lwip/src/core/pbuf.c.o
Compiling .pioenvs/tinky-s3/lwip/lwip/src/core/raw.c.o
Compiling .pioenvs/tinky-s3/lwip/lwip/src/core/stats.c.o
Compiling .pioenvs/tinky-s3/lwip/lwip/src/core/sys.c.o
Compiling .pioenvs/tinky-s3/lwip/lwip/src/core/tcp.c.o
Compiling .pioenvs/tinky-s3/lwip/lwip/src/core/tcp_in.c.o
Compiling .pioenvs/tinky-s3/lwip/lwip/src/core/tcp_out.c.o
Compiling .pioenvs/tinky-s3/lwip/lwip/src/core/timeouts.c.o
Compiling .pioenvs/tinky-s3/lwip/lwip/src/core/udp.c.o
Compiling .pioenvs/tinky-s3/lwip/lwip/src/core/ipv4/autoip.c.o
Compiling .pioenvs/tinky-s3/lwip/lwip/src/core/ipv4/dhcp.c.o
Compiling .pioenvs/tinky-s3/lwip/lwip/src/core/ipv4/etharp.c.o
Compiling .pioenvs/tinky-s3/lwip/lwip/src/core/ipv4/icmp.c.o
Compiling .pioenvs/tinky-s3/lwip/lwip/src/core/ipv4/igmp.c.o
Compiling .pioenvs/tinky-s3/lwip/lwip/src/core/ipv4/ip4.c.o
Compiling .pioenvs/tinky-s3/lwip/lwip/src/core/ipv4/ip4_napt.c.o
Compiling .pioenvs/tinky-s3/lwip/lwip/src/core/ipv4/ip4_addr.c.o
Compiling .pioenvs/tinky-s3/lwip/lwip/src/core/ipv4/ip4_frag.c.o
Compiling .pioenvs/tinky-s3/lwip/lwip/src/core/ipv6/dhcp6.c.o
Compiling .pioenvs/tinky-s3/lwip/lwip/src/core/ipv6/ethip6.c.o
Compiling .pioenvs/tinky-s3/lwip/lwip/src/core/ipv6/icmp6.c.o
Compiling .pioenvs/tinky-s3/lwip/lwip/src/core/ipv6/inet6.c.o
Compiling .pioenvs/tinky-s3/lwip/lwip/src/core/ipv6/ip6.c.o
Compiling .pioenvs/tinky-s3/lwip/lwip/src/core/ipv6/ip6_addr.c.o
Compiling .pioenvs/tinky-s3/lwip/lwip/src/core/ipv6/ip6_frag.c.o
Compiling .pioenvs/tinky-s3/lwip/lwip/src/core/ipv6/mld6.c.o
Compiling .pioenvs/tinky-s3/lwip/lwip/src/core/ipv6/nd6.c.o
Compiling .pioenvs/tinky-s3/lwip/lwip/src/netif/ethernet.c.o
Compiling .pioenvs/tinky-s3/lwip/lwip/src/netif/bridgeif.c.o
Compiling .pioenvs/tinky-s3/lwip/lwip/src/netif/bridgeif_fdb.c.o
Compiling .pioenvs/tinky-s3/lwip/lwip/src/netif/slipif.c.o
Compiling .pioenvs/tinky-s3/lwip/lwip/src/netif/ppp/auth.c.o
Compiling .pioenvs/tinky-s3/lwip/lwip/src/netif/ppp/ccp.c.o
Compiling .pioenvs/tinky-s3/lwip/lwip/src/netif/ppp/chap-md5.c.o
Compiling .pioenvs/tinky-s3/lwip/lwip/src/netif/ppp/chap-new.c.o
Compiling .pioenvs/tinky-s3/lwip/lwip/src/netif/ppp/chap_ms.c.o
Compiling .pioenvs/tinky-s3/lwip/lwip/src/netif/ppp/demand.c.o
Compiling .pioenvs/tinky-s3/lwip/lwip/src/netif/ppp/eap.c.o
Compiling .pioenvs/tinky-s3/lwip/lwip/src/netif/ppp/ecp.c.o
Compiling .pioenvs/tinky-s3/lwip/lwip/src/netif/ppp/eui64.c.o
Compiling .pioenvs/tinky-s3/lwip/lwip/src/netif/ppp/fsm.c.o
Compiling .pioenvs/tinky-s3/lwip/lwip/src/netif/ppp/ipcp.c.o
Compiling .pioenvs/tinky-s3/lwip/lwip/src/netif/ppp/ipv6cp.c.o
Compiling .pioenvs/tinky-s3/lwip/lwip/src/netif/ppp/lcp.c.o
Compiling .pioenvs/tinky-s3/lwip/lwip/src/netif/ppp/magic.c.o
Compiling .pioenvs/tinky-s3/lwip/lwip/src/netif/ppp/mppe.c.o
Compiling .pioenvs/tinky-s3/lwip/lwip/src/netif/ppp/multilink.c.o
Compiling .pioenvs/tinky-s3/lwip/lwip/src/netif/ppp/ppp.c.o
Compiling .pioenvs/tinky-s3/lwip/lwip/src/netif/ppp/pppapi.c.o
Compiling .pioenvs/tinky-s3/lwip/lwip/src/netif/ppp/pppcrypt.c.o
Compiling .pioenvs/tinky-s3/lwip/lwip/src/netif/ppp/pppoe.c.o
Compiling .pioenvs/tinky-s3/lwip/lwip/src/netif/ppp/pppol2tp.c.o
Compiling .pioenvs/tinky-s3/lwip/lwip/src/netif/ppp/pppos.c.o
Compiling .pioenvs/tinky-s3/lwip/lwip/src/netif/ppp/upap.c.o
Compiling .pioenvs/tinky-s3/lwip/lwip/src/netif/ppp/utils.c.o
Compiling .pioenvs/tinky-s3/lwip/lwip/src/netif/ppp/vj.c.o
Compiling .pioenvs/tinky-s3/lwip/port/hooks/tcp_isn_default.c.o
Compiling .pioenvs/tinky-s3/lwip/port/hooks/lwip_default_hooks.c.o
Compiling .pioenvs/tinky-s3/lwip/port/debug/lwip_debug.c.o
Compiling .pioenvs/tinky-s3/lwip/port/sockets_ext.c.o
Compiling .pioenvs/tinky-s3/lwip/port/freertos/sys_arch.c.o
Compiling .pioenvs/tinky-s3/lwip/port/if_index.c.o
Compiling .pioenvs/tinky-s3/lwip/port/acd_dhcp_check.c.o
Compiling .pioenvs/tinky-s3/lwip/port/esp32xx/vfs_lwip.c.o
Compiling .pioenvs/tinky-s3/lwip/apps/ping/esp_ping.c.o
Compiling .pioenvs/tinky-s3/lwip/apps/ping/ping.c.o
Compiling .pioenvs/tinky-s3/lwip/apps/ping/ping_sock.c.o
Compiling .pioenvs/tinky-s3/lwip/lwip/src/netif/ppp/polarssl/arc4.c.o
Compiling .pioenvs/tinky-s3/lwip/lwip/src/netif/ppp/polarssl/des.c.o
Compiling .pioenvs/tinky-s3/lwip/lwip/src/netif/ppp/polarssl/md4.c.o
Compiling .pioenvs/tinky-s3/lwip/lwip/src/netif/ppp/polarssl/md5.c.o
Compiling .pioenvs/tinky-s3/lwip/lwip/src/netif/ppp/polarssl/sha1.c.o
Compiling .pioenvs/tinky-s3/mbedtls/esp_crt_bundle/esp_crt_bundle.c.o
Compiling .pioenvs/tinky-s3/x509_crt_bundle.S.o
Compiling .pioenvs/tinky-s3/newlib/src/init.c.o
Archiving .pioenvs/tinky-s3/esp-idf/lwip/liblwip.a
Compiling .pioenvs/tinky-s3/newlib/src/abort.c.o
Indexing .pioenvs/tinky-s3/esp-idf/lwip/liblwip.a
Compiling .pioenvs/tinky-s3/newlib/src/assert.c.o
Compiling .pioenvs/tinky-s3/newlib/src/heap.c.o
Compiling .pioenvs/tinky-s3/newlib/src/locks.c.o
Archiving .pioenvs/tinky-s3/esp-idf/mbedtls/libmbedtls.a
Indexing .pioenvs/tinky-s3/esp-idf/mbedtls/libmbedtls.a
Compiling .pioenvs/tinky-s3/newlib/src/poll.c.o
Compiling .pioenvs/tinky-s3/newlib/src/pthread.c.o
Compiling .pioenvs/tinky-s3/newlib/src/random.c.o
Compiling .pioenvs/tinky-s3/newlib/src/getentropy.c.o
Compiling .pioenvs/tinky-s3/newlib/src/termios.c.o
Compiling .pioenvs/tinky-s3/newlib/src/stdatomic.c.o
Compiling .pioenvs/tinky-s3/newlib/src/time.c.o
Compiling .pioenvs/tinky-s3/newlib/src/sysconf.c.o
Compiling .pioenvs/tinky-s3/newlib/src/realpath.c.o
Compiling .pioenvs/tinky-s3/newlib/src/scandir.c.o
Compiling .pioenvs/tinky-s3/newlib/src/syscalls.c.o
Compiling .pioenvs/tinky-s3/newlib/src/reent_syscalls.c.o
Compiling .pioenvs/tinky-s3/newlib/src/port/esp_time_impl.c.o
Compiling .pioenvs/tinky-s3/newlib/src/flockfile.c.o
Compiling .pioenvs/tinky-s3/newlib/src/reent_init.c.o
Compiling .pioenvs/tinky-s3/newlib/src/newlib_init.c.o
Compiling .pioenvs/tinky-s3/nvs_flash/src/nvs_api.cpp.o
Compiling .pioenvs/tinky-s3/nvs_flash/src/nvs_cxx_api.cpp.o
Archiving .pioenvs/tinky-s3/esp-idf/newlib/libnewlib.a
Compiling .pioenvs/tinky-s3/nvs_flash/src/nvs_item_hash_list.cpp.o
Indexing .pioenvs/tinky-s3/esp-idf/newlib/libnewlib.a
Compiling .pioenvs/tinky-s3/nvs_flash/src/nvs_page.cpp.o
Compiling .pioenvs/tinky-s3/nvs_flash/src/nvs_pagemanager.cpp.o
Compiling .pioenvs/tinky-s3/nvs_flash/src/nvs_storage.cpp.o
Compiling .pioenvs/tinky-s3/nvs_flash/src/nvs_handle_simple.cpp.o
Compiling .pioenvs/tinky-s3/nvs_flash/src/nvs_handle_locked.cpp.o
Compiling .pioenvs/tinky-s3/nvs_flash/src/nvs_partition.cpp.o
Compiling .pioenvs/tinky-s3/nvs_flash/src/nvs_partition_lookup.cpp.o
Compiling .pioenvs/tinky-s3/nvs_flash/src/nvs_partition_manager.cpp.o
Compiling .pioenvs/tinky-s3/nvs_flash/src/nvs_types.cpp.o
Compiling .pioenvs/tinky-s3/nvs_flash/src/nvs_platform.cpp.o
Compiling .pioenvs/tinky-s3/nvs_flash/src/nvs_bootloader.c.o
Compiling .pioenvs/tinky-s3/nvs_flash/src/nvs_encrypted_partition.cpp.o
Compiling .pioenvs/tinky-s3/nvs_flash/src/nvs_bootloader_aes.c.o
Compiling .pioenvs/tinky-s3/nvs_flash/src/nvs_bootloader_xts_aes.c.o
Compiling .pioenvs/tinky-s3/nvs_sec_provider/nvs_sec_provider.c.o
Compiling .pioenvs/tinky-s3/protobuf-c/protobuf-c/protobuf-c/protobuf-c.c.o
Compiling .pioenvs/tinky-s3/pthread/pthread.c.o
Archiving .pioenvs/tinky-s3/esp-idf/nvs_sec_provider/libnvs_sec_provider.a
Indexing .pioenvs/tinky-s3/esp-idf/nvs_sec_provider/libnvs_sec_provider.a
Compiling .pioenvs/tinky-s3/pthread/pthread_cond_var.c.o
Compiling .pioenvs/tinky-s3/pthread/pthread_local_storage.c.o
Compiling .pioenvs/tinky-s3/pthread/pthread_rwlock.c.o
Compiling .pioenvs/tinky-s3/pthread/pthread_semaphore.c.o
Compiling .pioenvs/tinky-s3/rt/FreeRTOS_POSIX_mqueue.c.o
Compiling .pioenvs/tinky-s3/rt/FreeRTOS_POSIX_utils.c.o
Archiving .pioenvs/tinky-s3/esp-idf/pthread/libpthread.a
Indexing .pioenvs/tinky-s3/esp-idf/pthread/libpthread.a
Compiling .pioenvs/tinky-s3/sdmmc/sdmmc_cmd.c.o
Compiling .pioenvs/tinky-s3/sdmmc/sdmmc_common.c.o
Compiling .pioenvs/tinky-s3/sdmmc/sdmmc_init.c.o
Archiving .pioenvs/tinky-s3/esp-idf/rt/librt.a
Indexing .pioenvs/tinky-s3/esp-idf/rt/librt.a
Compiling .pioenvs/tinky-s3/sdmmc/sdmmc_io.c.o
Compiling .pioenvs/tinky-s3/sdmmc/sdmmc_mmc.c.o
Compiling .pioenvs/tinky-s3/sdmmc/sdmmc_sd.c.o
Compiling .pioenvs/tinky-s3/sdmmc/sd_pwr_ctrl/sd_pwr_ctrl.c.o
Archiving .pioenvs/tinky-s3/esp-idf/nvs_flash/libnvs_flash.a
Indexing .pioenvs/tinky-s3/esp-idf/nvs_flash/libnvs_flash.a
Compiling .pioenvs/tinky-s3/soc/lldesc.c.o
Compiling .pioenvs/tinky-s3/soc/dport_access_common.c.o
Compiling .pioenvs/tinky-s3/soc/esp32s3/interrupts.c.o
Compiling .pioenvs/tinky-s3/soc/esp32s3/gpio_periph.c.o
Archiving .pioenvs/tinky-s3/esp-idf/protobuf-c/libprotobuf-c.a
Indexing .pioenvs/tinky-s3/esp-idf/protobuf-c/libprotobuf-c.a
Compiling .pioenvs/tinky-s3/soc/esp32s3/uart_periph.c.o
Compiling .pioenvs/tinky-s3/soc/esp32s3/adc_periph.c.o
Compiling .pioenvs/tinky-s3/soc/esp32s3/dedic_gpio_periph.c.o
Archiving .pioenvs/tinky-s3/esp-idf/sdmmc/libsdmmc.a
Indexing .pioenvs/tinky-s3/esp-idf/sdmmc/libsdmmc.a
Compiling .pioenvs/tinky-s3/soc/esp32s3/gdma_periph.c.o
Compiling .pioenvs/tinky-s3/soc/esp32s3/spi_periph.c.o
Compiling .pioenvs/tinky-s3/soc/esp32s3/ledc_periph.c.o
Compiling .pioenvs/tinky-s3/soc/esp32s3/pcnt_periph.c.o
Compiling .pioenvs/tinky-s3/soc/esp32s3/rmt_periph.c.o
Compiling .pioenvs/tinky-s3/soc/esp32s3/sdm_periph.c.o
Compiling .pioenvs/tinky-s3/soc/esp32s3/i2s_periph.c.o
Compiling .pioenvs/tinky-s3/soc/esp32s3/i2c_periph.c.o
Compiling .pioenvs/tinky-s3/soc/esp32s3/temperature_sensor_periph.c.o
Compiling .pioenvs/tinky-s3/soc/esp32s3/timer_periph.c.o
Compiling .pioenvs/tinky-s3/soc/esp32s3/lcd_periph.c.o
Compiling .pioenvs/tinky-s3/soc/esp32s3/mcpwm_periph.c.o
Compiling .pioenvs/tinky-s3/soc/esp32s3/mpi_periph.c.o
Compiling .pioenvs/tinky-s3/soc/esp32s3/sdmmc_periph.c.o
Compiling .pioenvs/tinky-s3/soc/esp32s3/touch_sensor_periph.c.o
Compiling .pioenvs/tinky-s3/soc/esp32s3/twai_periph.c.o
Compiling .pioenvs/tinky-s3/soc/esp32s3/wdt_periph.c.o
Compiling .pioenvs/tinky-s3/soc/esp32s3/usb_dwc_periph.c.o
Compiling .pioenvs/tinky-s3/soc/esp32s3/rtc_io_periph.c.o
Compiling .pioenvs/tinky-s3/soc/esp32s3/cam_periph.c.o
Compiling .pioenvs/tinky-s3/soc/esp32s3/power_supply_periph.c.o
Compiling .pioenvs/tinky-s3/spi_flash/flash_brownout_hook.c.o
Archiving .pioenvs/tinky-s3/esp-idf/soc/libsoc.a
Indexing .pioenvs/tinky-s3/esp-idf/soc/libsoc.a
Compiling .pioenvs/tinky-s3/spi_flash/esp32s3/spi_flash_oct_flash_init.c.o
Compiling .pioenvs/tinky-s3/spi_flash/spi_flash_hpm_enable.c.o
Compiling .pioenvs/tinky-s3/spi_flash/spi_flash_chip_drivers.c.o
Compiling .pioenvs/tinky-s3/spi_flash/spi_flash_chip_generic.c.o
Compiling .pioenvs/tinky-s3/spi_flash/spi_flash_chip_issi.c.o
Compiling .pioenvs/tinky-s3/spi_flash/spi_flash_chip_mxic.c.o
Compiling .pioenvs/tinky-s3/spi_flash/spi_flash_chip_gd.c.o
Compiling .pioenvs/tinky-s3/spi_flash/spi_flash_chip_winbond.c.o
Compiling .pioenvs/tinky-s3/spi_flash/spi_flash_chip_boya.c.o
Compiling .pioenvs/tinky-s3/spi_flash/spi_flash_chip_mxic_opi.c.o
Compiling .pioenvs/tinky-s3/spi_flash/spi_flash_chip_th.c.o
Compiling .pioenvs/tinky-s3/spi_flash/memspi_host_driver.c.o
Compiling .pioenvs/tinky-s3/spi_flash/cache_utils.c.o
Compiling .pioenvs/tinky-s3/spi_flash/flash_mmap.c.o
Compiling .pioenvs/tinky-s3/spi_flash/flash_ops.c.o
Compiling .pioenvs/tinky-s3/spi_flash/spi_flash_wrap.c.o
Compiling .pioenvs/tinky-s3/spi_flash/esp_flash_api.c.o
Compiling .pioenvs/tinky-s3/spi_flash/esp_flash_spi_init.c.o
Compiling .pioenvs/tinky-s3/spi_flash/spi_flash_os_func_app.c.o
Compiling .pioenvs/tinky-s3/spi_flash/spi_flash_os_func_noos.c.o
Compiling .pioenvs/tinky-s3/spiffs/spiffs_api.c.o
Compiling .pioenvs/tinky-s3/spiffs/spiffs/src/spiffs_cache.c.o
Compiling .pioenvs/tinky-s3/spiffs/spiffs/src/spiffs_check.c.o
Compiling .pioenvs/tinky-s3/spiffs/spiffs/src/spiffs_gc.c.o
Compiling .pioenvs/tinky-s3/spiffs/spiffs/src/spiffs_hydrogen.c.o
Compiling .pioenvs/tinky-s3/spiffs/spiffs/src/spiffs_nucleus.c.o
Compiling .pioenvs/tinky-s3/spiffs/esp_spiffs.c.o
Compiling .pioenvs/tinky-s3/tcp_transport/transport.c.o
Compiling .pioenvs/tinky-s3/tcp_transport/transport_ssl.c.o
Archiving .pioenvs/tinky-s3/esp-idf/spi_flash/libspi_flash.a
Indexing .pioenvs/tinky-s3/esp-idf/spi_flash/libspi_flash.a
Compiling .pioenvs/tinky-s3/tcp_transport/transport_internal.c.o
Compiling .pioenvs/tinky-s3/tcp_transport/transport_socks_proxy.c.o
Compiling .pioenvs/tinky-s3/tcp_transport/transport_ws.c.o
Compiling .pioenvs/tinky-s3/touch_element/touch_element.c.o
Compiling .pioenvs/tinky-s3/touch_element/touch_button.c.o
Compiling .pioenvs/tinky-s3/touch_element/touch_slider.c.o
Compiling .pioenvs/tinky-s3/touch_element/touch_matrix.c.o
Compiling .pioenvs/tinky-s3/usb/hcd_dwc.c.o
Compiling .pioenvs/tinky-s3/usb/enum.c.o
Compiling .pioenvs/tinky-s3/usb/hub.c.o
Archiving .pioenvs/tinky-s3/esp-idf/tcp_transport/libtcp_transport.a
Indexing .pioenvs/tinky-s3/esp-idf/tcp_transport/libtcp_transport.a
Compiling .pioenvs/tinky-s3/usb/usb_helpers.c.o
Compiling .pioenvs/tinky-s3/usb/usb_host.c.o
Archiving .pioenvs/tinky-s3/esp-idf/spiffs/libspiffs.a
Indexing .pioenvs/tinky-s3/esp-idf/spiffs/libspiffs.a
Compiling .pioenvs/tinky-s3/usb/usb_private.c.o
Archiving .pioenvs/tinky-s3/esp-idf/touch_element/libtouch_element.a
Indexing .pioenvs/tinky-s3/esp-idf/touch_element/libtouch_element.a
Compiling .pioenvs/tinky-s3/usb/usbh.c.o
Compiling .pioenvs/tinky-s3/usb/usb_phy.c.o
Compiling .pioenvs/tinky-s3/vfs/vfs.c.o
Compiling .pioenvs/tinky-s3/vfs/vfs_eventfd.c.o
Compiling .pioenvs/tinky-s3/vfs/vfs_semihost.c.o
Compiling .pioenvs/tinky-s3/vfs/nullfs.c.o
Compiling .pioenvs/tinky-s3/wear_levelling/Partition.cpp.o
Compiling .pioenvs/tinky-s3/wear_levelling/SPI_Flash.cpp.o
Compiling .pioenvs/tinky-s3/wear_levelling/WL_Ext_Perf.cpp.o
Compiling .pioenvs/tinky-s3/wear_levelling/WL_Ext_Safe.cpp.o
Compiling .pioenvs/tinky-s3/wear_levelling/WL_Flash.cpp.o
Archiving .pioenvs/tinky-s3/esp-idf/usb/libusb.a
Archiving .pioenvs/tinky-s3/esp-idf/vfs/libvfs.a
Indexing .pioenvs/tinky-s3/esp-idf/vfs/libvfs.a
Indexing .pioenvs/tinky-s3/esp-idf/usb/libusb.a
Compiling .pioenvs/tinky-s3/wear_levelling/crc32.cpp.o
Compiling .pioenvs/tinky-s3/wear_levelling/wear_levelling.cpp.o
Compiling .pioenvs/tinky-s3/wpa_supplicant/port/os_xtensa.c.o
Compiling .pioenvs/tinky-s3/wpa_supplicant/port/eloop.c.o
Compiling .pioenvs/tinky-s3/wpa_supplicant/src/ap/ap_config.c.o
Compiling .pioenvs/tinky-s3/wpa_supplicant/src/ap/ieee802_1x.c.o
Compiling .pioenvs/tinky-s3/wpa_supplicant/src/ap/wpa_auth.c.o
Compiling .pioenvs/tinky-s3/wpa_supplicant/src/ap/wpa_auth_ie.c.o
Compiling .pioenvs/tinky-s3/wpa_supplicant/src/ap/pmksa_cache_auth.c.o
Compiling .pioenvs/tinky-s3/wpa_supplicant/src/ap/sta_info.c.o
Compiling .pioenvs/tinky-s3/wpa_supplicant/src/ap/ieee802_11.c.o
Archiving .pioenvs/tinky-s3/esp-idf/wear_levelling/libwear_levelling.a
Indexing .pioenvs/tinky-s3/esp-idf/wear_levelling/libwear_levelling.a
Compiling .pioenvs/tinky-s3/wpa_supplicant/src/ap/comeback_token.c.o
Compiling .pioenvs/tinky-s3/wpa_supplicant/src/common/sae.c.o
Compiling .pioenvs/tinky-s3/wpa_supplicant/src/common/dragonfly.c.o
Compiling .pioenvs/tinky-s3/wpa_supplicant/src/common/wpa_common.c.o
Compiling .pioenvs/tinky-s3/wpa_supplicant/src/utils/bitfield.c.o
Compiling .pioenvs/tinky-s3/wpa_supplicant/src/crypto/aes-siv.c.o
Compiling .pioenvs/tinky-s3/wpa_supplicant/src/crypto/sha256-kdf.c.o
Compiling .pioenvs/tinky-s3/wpa_supplicant/src/crypto/ccmp.c.o
Compiling .pioenvs/tinky-s3/wpa_supplicant/src/crypto/aes-gcm.c.o
Compiling .pioenvs/tinky-s3/wpa_supplicant/src/crypto/crypto_ops.c.o
Compiling .pioenvs/tinky-s3/wpa_supplicant/src/crypto/dh_group5.c.o
Compiling .pioenvs/tinky-s3/wpa_supplicant/src/crypto/dh_groups.c.o
Compiling .pioenvs/tinky-s3/wpa_supplicant/src/crypto/ms_funcs.c.o
Compiling .pioenvs/tinky-s3/wpa_supplicant/src/crypto/sha1-tlsprf.c.o
Compiling .pioenvs/tinky-s3/wpa_supplicant/src/crypto/sha256-tlsprf.c.o
Compiling .pioenvs/tinky-s3/wpa_supplicant/src/crypto/sha384-tlsprf.c.o
Compiling .pioenvs/tinky-s3/wpa_supplicant/src/crypto/sha256-prf.c.o
Compiling .pioenvs/tinky-s3/wpa_supplicant/src/crypto/sha1-prf.c.o
Compiling .pioenvs/tinky-s3/wpa_supplicant/src/crypto/sha384-prf.c.o
Compiling .pioenvs/tinky-s3/wpa_supplicant/src/crypto/md4-internal.c.o
Compiling .pioenvs/tinky-s3/wpa_supplicant/src/crypto/sha1-tprf.c.o
Compiling .pioenvs/tinky-s3/wpa_supplicant/src/eap_common/eap_wsc_common.c.o
Compiling .pioenvs/tinky-s3/wpa_supplicant/src/common/ieee802_11_common.c.o
Compiling .pioenvs/tinky-s3/wpa_supplicant/src/eap_peer/chap.c.o
Compiling .pioenvs/tinky-s3/wpa_supplicant/src/eap_peer/eap.c.o
Compiling .pioenvs/tinky-s3/wpa_supplicant/src/eap_peer/eap_common.c.o
Compiling .pioenvs/tinky-s3/wpa_supplicant/src/eap_peer/eap_mschapv2.c.o
Compiling .pioenvs/tinky-s3/wpa_supplicant/src/eap_peer/eap_peap.c.o
Compiling .pioenvs/tinky-s3/wpa_supplicant/src/eap_peer/eap_peap_common.c.o
Compiling .pioenvs/tinky-s3/wpa_supplicant/src/eap_peer/eap_tls.c.o
Compiling .pioenvs/tinky-s3/wpa_supplicant/src/eap_peer/eap_tls_common.c.o
Compiling .pioenvs/tinky-s3/wpa_supplicant/src/eap_peer/eap_ttls.c.o
Compiling .pioenvs/tinky-s3/wpa_supplicant/src/eap_peer/mschapv2.c.o
Compiling .pioenvs/tinky-s3/wpa_supplicant/src/eap_peer/eap_fast.c.o
Compiling .pioenvs/tinky-s3/wpa_supplicant/src/eap_peer/eap_fast_common.c.o
Compiling .pioenvs/tinky-s3/wpa_supplicant/src/eap_peer/eap_fast_pac.c.o
Compiling .pioenvs/tinky-s3/wpa_supplicant/src/rsn_supp/pmksa_cache.c.o
Compiling .pioenvs/tinky-s3/wpa_supplicant/src/rsn_supp/wpa.c.o
Compiling .pioenvs/tinky-s3/wpa_supplicant/src/rsn_supp/wpa_ie.c.o
Compiling .pioenvs/tinky-s3/wpa_supplicant/src/utils/base64.c.o
Compiling .pioenvs/tinky-s3/wpa_supplicant/src/utils/common.c.o
Compiling .pioenvs/tinky-s3/wpa_supplicant/src/utils/ext_password.c.o
Compiling .pioenvs/tinky-s3/wpa_supplicant/src/utils/uuid.c.o
Compiling .pioenvs/tinky-s3/wpa_supplicant/src/utils/wpabuf.c.o
Compiling .pioenvs/tinky-s3/wpa_supplicant/src/utils/wpa_debug.c.o
Compiling .pioenvs/tinky-s3/wpa_supplicant/src/utils/json.c.o
Compiling .pioenvs/tinky-s3/wpa_supplicant/src/wps/wps.c.o
Compiling .pioenvs/tinky-s3/wpa_supplicant/src/wps/wps_attr_build.c.o
Compiling .pioenvs/tinky-s3/wpa_supplicant/src/wps/wps_attr_parse.c.o
Compiling .pioenvs/tinky-s3/wpa_supplicant/src/wps/wps_attr_process.c.o
Compiling .pioenvs/tinky-s3/wpa_supplicant/src/wps/wps_common.c.o
Compiling .pioenvs/tinky-s3/wpa_supplicant/src/wps/wps_dev_attr.c.o
Compiling .pioenvs/tinky-s3/wpa_supplicant/src/wps/wps_enrollee.c.o
Compiling .pioenvs/tinky-s3/wpa_supplicant/src/common/sae_pk.c.o
Compiling .pioenvs/tinky-s3/wpa_supplicant/esp_supplicant/src/esp_eap_client.c.o
Compiling .pioenvs/tinky-s3/wpa_supplicant/esp_supplicant/src/esp_wpa2_api_port.c.o
Compiling .pioenvs/tinky-s3/wpa_supplicant/esp_supplicant/src/esp_wpa_main.c.o
Compiling .pioenvs/tinky-s3/wpa_supplicant/esp_supplicant/src/esp_wpas_glue.c.o
Compiling .pioenvs/tinky-s3/wpa_supplicant/esp_supplicant/src/esp_common.c.o
Compiling .pioenvs/tinky-s3/wpa_supplicant/esp_supplicant/src/esp_wps.c.o
Compiling .pioenvs/tinky-s3/wpa_supplicant/esp_supplicant/src/esp_wpa3.c.o
Compiling .pioenvs/tinky-s3/wpa_supplicant/esp_supplicant/src/esp_owe.c.o
Compiling .pioenvs/tinky-s3/wpa_supplicant/esp_supplicant/src/esp_hostap.c.o
Compiling .pioenvs/tinky-s3/wpa_supplicant/esp_supplicant/src/crypto/tls_mbedtls.c.o
Compiling .pioenvs/tinky-s3/wpa_supplicant/esp_supplicant/src/crypto/crypto_mbedtls.c.o
Compiling .pioenvs/tinky-s3/wpa_supplicant/esp_supplicant/src/crypto/crypto_mbedtls-bignum.c.o
Compiling .pioenvs/tinky-s3/wpa_supplicant/esp_supplicant/src/crypto/crypto_mbedtls-rsa.c.o
Compiling .pioenvs/tinky-s3/wpa_supplicant/esp_supplicant/src/crypto/crypto_mbedtls-ec.c.o
Compiling .pioenvs/tinky-s3/wpa_supplicant/esp_supplicant/src/crypto/fastpsk.c.o
Compiling .pioenvs/tinky-s3/wpa_supplicant/src/crypto/rc4.c.o
Compiling .pioenvs/tinky-s3/wpa_supplicant/src/crypto/des-internal.c.o
Compiling .pioenvs/tinky-s3/wpa_supplicant/esp_supplicant/src/crypto/fastpbkdf2.c.o
Compiling .pioenvs/tinky-s3/wpa_supplicant/src/crypto/aes-wrap.c.o
Compiling .pioenvs/tinky-s3/wpa_supplicant/src/crypto/aes-unwrap.c.o
Compiling .pioenvs/tinky-s3/wpa_supplicant/src/crypto/aes-ccm.c.o
Compiling .pioenvs/tinky-s3/xtensa/eri.c.o
Compiling .pioenvs/tinky-s3/xtensa/xt_trax.c.o
Compiling .pioenvs/tinky-s3/xtensa/xtensa_context.S.o
Compiling .pioenvs/tinky-s3/xtensa/xtensa_intr_asm.S.o
Compiling .pioenvs/tinky-s3/xtensa/xtensa_intr.c.o
Archiving .pioenvs/tinky-s3/esp-idf/wpa_supplicant/libwpa_supplicant.a
Compiling .pioenvs/tinky-s3/xtensa/xtensa_vectors.S.o
Indexing .pioenvs/tinky-s3/esp-idf/wpa_supplicant/libwpa_supplicant.a
Compiling .pioenvs/tinky-s3/mbedtls/mbedtls/3rdparty/everest/library/everest.c.o
Compiling .pioenvs/tinky-s3/mbedtls/mbedtls/3rdparty/everest/library/x25519.c.o
Archiving .pioenvs/tinky-s3/esp-idf/xtensa/libxtensa.a
Indexing .pioenvs/tinky-s3/esp-idf/xtensa/libxtensa.a
Compiling .pioenvs/tinky-s3/mbedtls/mbedtls/3rdparty/everest/library/Hacl_Curve25519_joined.c.o
Compiling .pioenvs/tinky-s3/mbedtls/mbedtls/library/aes.c.o
Archiving .pioenvs/tinky-s3/esp-idf/mbedtls/mbedtls/3rdparty/everest/libeverest.a
Indexing .pioenvs/tinky-s3/esp-idf/mbedtls/mbedtls/3rdparty/everest/libeverest.a
Compiling .pioenvs/tinky-s3/mbedtls/mbedtls/library/aesni.c.o
Compiling .pioenvs/tinky-s3/mbedtls/mbedtls/library/aesce.c.o
Compiling .pioenvs/tinky-s3/mbedtls/mbedtls/library/aria.c.o
Compiling .pioenvs/tinky-s3/mbedtls/mbedtls/library/asn1parse.c.o
Compiling .pioenvs/tinky-s3/mbedtls/mbedtls/library/asn1write.c.o
Compiling .pioenvs/tinky-s3/mbedtls/mbedtls/library/base64.c.o
Compiling .pioenvs/tinky-s3/mbedtls/mbedtls/library/bignum.c.o
Compiling .pioenvs/tinky-s3/mbedtls/mbedtls/library/bignum_core.c.o
Compiling .pioenvs/tinky-s3/mbedtls/mbedtls/library/bignum_mod.c.o
Compiling .pioenvs/tinky-s3/mbedtls/mbedtls/library/bignum_mod_raw.c.o
Compiling .pioenvs/tinky-s3/mbedtls/mbedtls/library/block_cipher.c.o
Compiling .pioenvs/tinky-s3/mbedtls/mbedtls/library/camellia.c.o
Compiling .pioenvs/tinky-s3/mbedtls/mbedtls/library/ccm.c.o
Compiling .pioenvs/tinky-s3/mbedtls/mbedtls/library/chacha20.c.o
Compiling .pioenvs/tinky-s3/mbedtls/mbedtls/library/chachapoly.c.o
Compiling .pioenvs/tinky-s3/mbedtls/mbedtls/library/cipher.c.o
Compiling .pioenvs/tinky-s3/mbedtls/mbedtls/library/cipher_wrap.c.o
Compiling .pioenvs/tinky-s3/mbedtls/mbedtls/library/constant_time.c.o
Compiling .pioenvs/tinky-s3/mbedtls/mbedtls/library/cmac.c.o
Compiling .pioenvs/tinky-s3/mbedtls/mbedtls/library/ctr_drbg.c.o
Compiling .pioenvs/tinky-s3/mbedtls/mbedtls/library/des.c.o
Compiling .pioenvs/tinky-s3/mbedtls/mbedtls/library/dhm.c.o
Compiling .pioenvs/tinky-s3/mbedtls/mbedtls/library/ecdh.c.o
Compiling .pioenvs/tinky-s3/mbedtls/mbedtls/library/ecdsa.c.o
Compiling .pioenvs/tinky-s3/mbedtls/mbedtls/library/ecjpake.c.o
Compiling .pioenvs/tinky-s3/mbedtls/mbedtls/library/ecp.c.o
Compiling .pioenvs/tinky-s3/mbedtls/mbedtls/library/ecp_curves.c.o
Compiling .pioenvs/tinky-s3/mbedtls/mbedtls/library/ecp_curves_new.c.o
Compiling .pioenvs/tinky-s3/mbedtls/mbedtls/library/entropy.c.o
Compiling .pioenvs/tinky-s3/mbedtls/mbedtls/library/entropy_poll.c.o
Compiling .pioenvs/tinky-s3/mbedtls/mbedtls/library/error.c.o
Compiling .pioenvs/tinky-s3/mbedtls/mbedtls/library/gcm.c.o
Compiling .pioenvs/tinky-s3/mbedtls/mbedtls/library/hkdf.c.o
Compiling .pioenvs/tinky-s3/mbedtls/mbedtls/library/hmac_drbg.c.o
Compiling .pioenvs/tinky-s3/mbedtls/mbedtls/library/lmots.c.o
Compiling .pioenvs/tinky-s3/mbedtls/mbedtls/library/lms.c.o
Compiling .pioenvs/tinky-s3/mbedtls/mbedtls/library/md.c.o
Compiling .pioenvs/tinky-s3/mbedtls/mbedtls/library/md5.c.o
Compiling .pioenvs/tinky-s3/mbedtls/mbedtls/library/memory_buffer_alloc.c.o
Compiling .pioenvs/tinky-s3/mbedtls/mbedtls/library/nist_kw.c.o
Compiling .pioenvs/tinky-s3/mbedtls/mbedtls/library/oid.c.o
Compiling .pioenvs/tinky-s3/mbedtls/mbedtls/library/padlock.c.o
Compiling .pioenvs/tinky-s3/mbedtls/mbedtls/library/pem.c.o
Compiling .pioenvs/tinky-s3/mbedtls/mbedtls/library/pk.c.o
Compiling .pioenvs/tinky-s3/mbedtls/mbedtls/library/pk_ecc.c.o
Compiling .pioenvs/tinky-s3/mbedtls/mbedtls/library/pk_wrap.c.o
Compiling .pioenvs/tinky-s3/mbedtls/mbedtls/library/pkcs12.c.o
Compiling .pioenvs/tinky-s3/mbedtls/mbedtls/library/pkcs5.c.o
Compiling .pioenvs/tinky-s3/mbedtls/mbedtls/library/pkparse.c.o
Compiling .pioenvs/tinky-s3/mbedtls/mbedtls/library/pkwrite.c.o
Compiling .pioenvs/tinky-s3/mbedtls/mbedtls/library/platform.c.o
Compiling .pioenvs/tinky-s3/mbedtls/mbedtls/library/platform_util.c.o
Compiling .pioenvs/tinky-s3/mbedtls/mbedtls/library/poly1305.c.o
Compiling .pioenvs/tinky-s3/mbedtls/mbedtls/library/psa_crypto.c.o
Compiling .pioenvs/tinky-s3/mbedtls/mbedtls/library/psa_crypto_aead.c.o
Compiling .pioenvs/tinky-s3/mbedtls/mbedtls/library/psa_crypto_cipher.c.o
Compiling .pioenvs/tinky-s3/mbedtls/mbedtls/library/psa_crypto_client.c.o
Compiling .pioenvs/tinky-s3/mbedtls/mbedtls/library/psa_crypto_driver_wrappers_no_static.c.o
Compiling .pioenvs/tinky-s3/mbedtls/mbedtls/library/psa_crypto_ecp.c.o
Compiling .pioenvs/tinky-s3/mbedtls/mbedtls/library/psa_crypto_ffdh.c.o
Compiling .pioenvs/tinky-s3/mbedtls/mbedtls/library/psa_crypto_hash.c.o
Compiling .pioenvs/tinky-s3/mbedtls/mbedtls/library/psa_crypto_mac.c.o
Compiling .pioenvs/tinky-s3/mbedtls/mbedtls/library/psa_crypto_pake.c.o
Compiling .pioenvs/tinky-s3/mbedtls/mbedtls/library/psa_crypto_rsa.c.o
Compiling .pioenvs/tinky-s3/mbedtls/mbedtls/library/psa_crypto_se.c.o
Compiling .pioenvs/tinky-s3/mbedtls/mbedtls/library/psa_crypto_slot_management.c.o
Compiling .pioenvs/tinky-s3/mbedtls/mbedtls/library/psa_crypto_storage.c.o
Compiling .pioenvs/tinky-s3/mbedtls/mbedtls/library/psa_its_file.c.o
Compiling .pioenvs/tinky-s3/mbedtls/mbedtls/library/psa_util.c.o
Compiling .pioenvs/tinky-s3/mbedtls/mbedtls/library/ripemd160.c.o
Compiling .pioenvs/tinky-s3/mbedtls/mbedtls/library/rsa.c.o
Compiling .pioenvs/tinky-s3/mbedtls/mbedtls/library/rsa_alt_helpers.c.o
Compiling .pioenvs/tinky-s3/mbedtls/mbedtls/library/sha1.c.o
Compiling .pioenvs/tinky-s3/mbedtls/mbedtls/library/sha256.c.o
Compiling .pioenvs/tinky-s3/mbedtls/mbedtls/library/sha512.c.o
Compiling .pioenvs/tinky-s3/mbedtls/mbedtls/library/sha3.c.o
Compiling .pioenvs/tinky-s3/mbedtls/mbedtls/library/threading.c.o
Compiling .pioenvs/tinky-s3/mbedtls/mbedtls/library/timing.c.o
Compiling .pioenvs/tinky-s3/mbedtls/mbedtls/library/version.c.o
Compiling .pioenvs/tinky-s3/mbedtls/mbedtls/library/version_features.c.o
Compiling .pioenvs/tinky-s3/mbedtls/port/sha/core/esp_sha_gdma_impl.c.o
Compiling .pioenvs/tinky-s3/mbedtls/port/aes/dma/esp_aes_gdma_impl.c.o
Compiling .pioenvs/tinky-s3/mbedtls/port/aes/dma/esp_aes_dma_core.c.o
Compiling .pioenvs/tinky-s3/mbedtls/port/crypto_shared_gdma/esp_crypto_shared_gdma.c.o
Compiling .pioenvs/tinky-s3/mbedtls/port/esp_hardware.c.o
Compiling .pioenvs/tinky-s3/mbedtls/port/esp_mem.c.o
Compiling .pioenvs/tinky-s3/mbedtls/port/esp_timing.c.o
Compiling .pioenvs/tinky-s3/mbedtls/port/aes/esp_aes_xts.c.o
Compiling .pioenvs/tinky-s3/mbedtls/port/aes/esp_aes_common.c.o
Compiling .pioenvs/tinky-s3/mbedtls/port/aes/dma/esp_aes.c.o
Compiling .pioenvs/tinky-s3/mbedtls/port/sha/esp_sha.c.o
Compiling .pioenvs/tinky-s3/mbedtls/port/sha/core/sha.c.o
Compiling .pioenvs/tinky-s3/mbedtls/port/esp_ds/esp_rsa_sign_alt.c.o
Compiling .pioenvs/tinky-s3/mbedtls/port/esp_ds/esp_rsa_dec_alt.c.o
Compiling .pioenvs/tinky-s3/mbedtls/port/esp_ds/esp_ds_common.c.o
Compiling .pioenvs/tinky-s3/mbedtls/port/esp_hmac_pbkdf2.c.o
Compiling .pioenvs/tinky-s3/mbedtls/port/bignum/esp_bignum.c.o
Compiling .pioenvs/tinky-s3/mbedtls/port/bignum/bignum_alt.c.o
Compiling .pioenvs/tinky-s3/mbedtls/port/sha/core/esp_sha1.c.o
Compiling .pioenvs/tinky-s3/mbedtls/port/sha/core/esp_sha256.c.o
Compiling .pioenvs/tinky-s3/mbedtls/port/sha/core/esp_sha512.c.o
Compiling .pioenvs/tinky-s3/mbedtls/port/aes/esp_aes_gcm.c.o
Compiling .pioenvs/tinky-s3/mbedtls/port/md/esp_md.c.o
Compiling .pioenvs/tinky-s3/mbedtls/mbedtls/library/debug.c.o
Compiling .pioenvs/tinky-s3/mbedtls/mbedtls/library/mps_reader.c.o
Compiling .pioenvs/tinky-s3/mbedtls/mbedtls/library/mps_trace.c.o
Compiling .pioenvs/tinky-s3/mbedtls/mbedtls/library/ssl_cache.c.o
Compiling .pioenvs/tinky-s3/mbedtls/mbedtls/library/ssl_ciphersuites.c.o
Compiling .pioenvs/tinky-s3/mbedtls/mbedtls/library/ssl_client.c.o
Archiving .pioenvs/tinky-s3/esp-idf/mbedtls/mbedtls/library/libmbedcrypto.a
Compiling .pioenvs/tinky-s3/mbedtls/mbedtls/library/ssl_cookie.c.o
Compiling .pioenvs/tinky-s3/mbedtls/mbedtls/library/ssl_debug_helpers_generated.c.o
Indexing .pioenvs/tinky-s3/esp-idf/mbedtls/mbedtls/library/libmbedcrypto.a
Compiling .pioenvs/tinky-s3/mbedtls/mbedtls/library/ssl_msg.c.o
Compiling .pioenvs/tinky-s3/mbedtls/mbedtls/library/ssl_ticket.c.o
Compiling .pioenvs/tinky-s3/mbedtls/mbedtls/library/ssl_tls.c.o
Compiling .pioenvs/tinky-s3/mbedtls/mbedtls/library/ssl_tls12_client.c.o
Compiling .pioenvs/tinky-s3/mbedtls/mbedtls/library/ssl_tls12_server.c.o
Compiling .pioenvs/tinky-s3/mbedtls/mbedtls/library/ssl_tls13_keys.c.o
Compiling .pioenvs/tinky-s3/mbedtls/mbedtls/library/ssl_tls13_server.c.o
Compiling .pioenvs/tinky-s3/mbedtls/mbedtls/library/ssl_tls13_client.c.o
Compiling .pioenvs/tinky-s3/mbedtls/mbedtls/library/ssl_tls13_generic.c.o
Compiling .pioenvs/tinky-s3/mbedtls/port/mbedtls_debug.c.o
Compiling .pioenvs/tinky-s3/mbedtls/port/esp_platform_time.c.o
Compiling .pioenvs/tinky-s3/mbedtls/port/net_sockets.c.o
Compiling .pioenvs/tinky-s3/mbedtls/mbedtls/library/pkcs7.c.o
Compiling .pioenvs/tinky-s3/mbedtls/mbedtls/library/x509.c.o
Compiling .pioenvs/tinky-s3/mbedtls/mbedtls/library/x509_create.c.o
Compiling .pioenvs/tinky-s3/mbedtls/mbedtls/library/x509_crl.c.o
Compiling .pioenvs/tinky-s3/mbedtls/mbedtls/library/x509_crt.c.o
Compiling .pioenvs/tinky-s3/mbedtls/mbedtls/library/x509_csr.c.o
Compiling .pioenvs/tinky-s3/mbedtls/mbedtls/library/x509write.c.o
Compiling .pioenvs/tinky-s3/mbedtls/mbedtls/library/x509write_crt.c.o
Compiling .pioenvs/tinky-s3/mbedtls/mbedtls/library/x509write_csr.c.o
Compiling .pioenvs/tinky-s3/mbedtls/mbedtls/3rdparty/p256-m/p256-m_driver_entrypoints.c.o
Compiling .pioenvs/tinky-s3/mbedtls/mbedtls/3rdparty/p256-m/p256-m/p256-m.c.o
Compiling .pioenvs/tinky-s3/bootloader/xtensa/eri.c.o
Compiling .pioenvs/tinky-s3/bootloader/xtensa/xt_trax.c.o
Archiving .pioenvs/tinky-s3/esp-idf/mbedtls/mbedtls/3rdparty/p256-m/libp256m.a
Indexing .pioenvs/tinky-s3/esp-idf/mbedtls/mbedtls/3rdparty/p256-m/libp256m.a
Compiling .pioenvs/tinky-s3/bootloader/bootloader/subproject/main/bootloader_start.c.o
Archiving .pioenvs/tinky-s3/bootloader/esp-idf/xtensa/libxtensa.a
Indexing .pioenvs/tinky-s3/bootloader/esp-idf/xtensa/libxtensa.a
Compiling .pioenvs/tinky-s3/bootloader/bootloader_support/src/bootloader_common.c.o
Compiling .pioenvs/tinky-s3/bootloader/bootloader_support/src/bootloader_common_loader.c.o
Compiling .pioenvs/tinky-s3/bootloader/bootloader_support/src/bootloader_clock_init.c.o
Archiving .pioenvs/tinky-s3/bootloader/esp-idf/main/libmain.a
Compiling .pioenvs/tinky-s3/bootloader/bootloader_support/src/bootloader_mem.c.o
Indexing .pioenvs/tinky-s3/bootloader/esp-idf/main/libmain.a
Compiling .pioenvs/tinky-s3/bootloader/bootloader_support/src/bootloader_random.c.o
Compiling .pioenvs/tinky-s3/bootloader/bootloader_support/src/bootloader_efuse.c.o
Compiling .pioenvs/tinky-s3/bootloader/bootloader_support/src/flash_encrypt.c.o
Archiving .pioenvs/tinky-s3/esp-idf/mbedtls/mbedtls/library/libmbedtls.a
Compiling .pioenvs/tinky-s3/bootloader/bootloader_support/src/secure_boot.c.o
Indexing .pioenvs/tinky-s3/esp-idf/mbedtls/mbedtls/library/libmbedtls.a
Compiling .pioenvs/tinky-s3/bootloader/bootloader_support/src/bootloader_random_esp32s3.c.o
Compiling .pioenvs/tinky-s3/bootloader/bootloader_support/bootloader_flash/src/bootloader_flash.c.o
Compiling .pioenvs/tinky-s3/bootloader/bootloader_support/bootloader_flash/src/flash_qio_mode.c.o
Compiling .pioenvs/tinky-s3/bootloader/bootloader_support/bootloader_flash/src/bootloader_flash_config_esp32s3.c.o
Compiling .pioenvs/tinky-s3/bootloader/bootloader_support/src/bootloader_utility.c.o
Archiving .pioenvs/tinky-s3/esp-idf/mbedtls/mbedtls/library/libmbedx509.a
Compiling .pioenvs/tinky-s3/bootloader/bootloader_support/src/flash_partitions.c.o
Compiling .pioenvs/tinky-s3/bootloader/bootloader_support/src/esp_image_format.c.o
Indexing .pioenvs/tinky-s3/esp-idf/mbedtls/mbedtls/library/libmbedx509.a
Compiling .pioenvs/tinky-s3/bootloader/bootloader_support/src/bootloader_sha.c.o
Generating project linker script .pioenvs/tinky-s3/sections.ld
Compiling .pioenvs/tinky-s3/bootloader/bootloader_support/src/bootloader_init.c.o
Compiling .pioenvs/tinky-s3/bootloader/bootloader_support/src/bootloader_clock_loader.c.o
Compiling .pioenvs/tinky-s3/bootloader/bootloader_support/src/bootloader_console.c.o
Compiling .pioenvs/tinky-s3/bootloader/bootloader_support/src/bootloader_console_loader.c.o
Compiling .pioenvs/tinky-s3/bootloader/bootloader_support/src/esp32s3/bootloader_soc.c.o
Compiling .pioenvs/tinky-s3/bootloader/bootloader_support/src/esp32s3/bootloader_esp32s3.c.o
Compiling .pioenvs/tinky-s3/bootloader/bootloader_support/src/bootloader_panic.c.o
Compiling .pioenvs/tinky-s3/bootloader/efuse/esp32s3/esp_efuse_table.c.o
Compiling .pioenvs/tinky-s3/bootloader/efuse/esp32s3/esp_efuse_fields.c.o
Compiling .pioenvs/tinky-s3/bootloader/efuse/esp32s3/esp_efuse_rtc_calib.c.o
Compiling .pioenvs/tinky-s3/bootloader/efuse/esp32s3/esp_efuse_utility.c.o
Compiling .pioenvs/tinky-s3/bootloader/efuse/src/esp_efuse_api.c.o
Compiling .pioenvs/tinky-s3/bootloader/efuse/src/esp_efuse_fields.c.o
Archiving .pioenvs/tinky-s3/bootloader/esp-idf/bootloader_support/libbootloader_support.a
Compiling .pioenvs/tinky-s3/bootloader/efuse/src/esp_efuse_utility.c.o
Compiling .pioenvs/tinky-s3/bootloader/efuse/src/efuse_controller/keys/with_key_purposes/esp_efuse_api_key.c.o
Indexing .pioenvs/tinky-s3/bootloader/esp-idf/bootloader_support/libbootloader_support.a
Compiling .pioenvs/tinky-s3/bootloader/esp_bootloader_format/esp_bootloader_desc.c.o
Compiling .pioenvs/tinky-s3/bootloader/esp_common/src/esp_err_to_name.c.o
Compiling .pioenvs/tinky-s3/bootloader/esp_hw_support/cpu.c.o
Archiving .pioenvs/tinky-s3/bootloader/esp-idf/esp_bootloader_format/libesp_bootloader_format.a
Compiling .pioenvs/tinky-s3/bootloader/esp_hw_support/port/esp32s3/esp_cpu_intr.c.o
Indexing .pioenvs/tinky-s3/bootloader/esp-idf/esp_bootloader_format/libesp_bootloader_format.a
Compiling .pioenvs/tinky-s3/bootloader/esp_hw_support/esp_memory_utils.c.o
Archiving .pioenvs/tinky-s3/bootloader/esp-idf/esp_common/libesp_common.a
Compiling .pioenvs/tinky-s3/bootloader/esp_hw_support/port/esp32s3/cpu_region_protect.c.o
Indexing .pioenvs/tinky-s3/bootloader/esp-idf/esp_common/libesp_common.a
Compiling .pioenvs/tinky-s3/bootloader/esp_hw_support/port/esp32s3/rtc_clk.c.o
Compiling .pioenvs/tinky-s3/bootloader/esp_hw_support/port/esp32s3/rtc_clk_init.c.o
Archiving .pioenvs/tinky-s3/bootloader/esp-idf/efuse/libefuse.a
Compiling .pioenvs/tinky-s3/bootloader/esp_hw_support/port/esp32s3/rtc_init.c.o
Indexing .pioenvs/tinky-s3/bootloader/esp-idf/efuse/libefuse.a
Compiling .pioenvs/tinky-s3/bootloader/esp_hw_support/port/esp32s3/rtc_sleep.c.o
Compiling .pioenvs/tinky-s3/bootloader/esp_hw_support/port/esp32s3/rtc_time.c.o
Compiling .pioenvs/tinky-s3/bootloader/esp_hw_support/port/esp32s3/chip_info.c.o
Compiling .pioenvs/tinky-s3/bootloader/esp_rom/patches/esp_rom_sys.c.o
Compiling .pioenvs/tinky-s3/bootloader/esp_rom/patches/esp_rom_print.c.o
Compiling .pioenvs/tinky-s3/bootloader/esp_rom/patches/esp_rom_crc.c.o
Compiling .pioenvs/tinky-s3/bootloader/esp_rom/patches/esp_rom_uart.c.o
Compiling .pioenvs/tinky-s3/bootloader/esp_rom/patches/esp_rom_spiflash.c.o
Compiling .pioenvs/tinky-s3/bootloader/esp_rom/patches/esp_rom_efuse.c.o
Compiling .pioenvs/tinky-s3/bootloader/esp_rom/patches/esp_rom_gpio.c.o
Archiving .pioenvs/tinky-s3/bootloader/esp-idf/esp_hw_support/libesp_hw_support.a
Indexing .pioenvs/tinky-s3/bootloader/esp-idf/esp_hw_support/libesp_hw_support.a
Compiling .pioenvs/tinky-s3/bootloader/esp_rom/patches/esp_rom_longjmp.S.o
Compiling .pioenvs/tinky-s3/bootloader/esp_rom/patches/esp_rom_systimer.c.o
Compiling .pioenvs/tinky-s3/bootloader/esp_rom/patches/esp_rom_wdt.c.o
Compiling .pioenvs/tinky-s3/bootloader/esp_rom/patches/esp_rom_cache_esp32s2_esp32s3.c.o
Compiling .pioenvs/tinky-s3/bootloader/esp_rom/patches/esp_rom_cache_writeback_esp32s3.S.o
Compiling .pioenvs/tinky-s3/bootloader/esp_system/esp_err.c.o
Compiling .pioenvs/tinky-s3/bootloader/hal/hal_utils.c.o
Compiling .pioenvs/tinky-s3/bootloader/hal/mpu_hal.c.o
Archiving .pioenvs/tinky-s3/bootloader/esp-idf/esp_rom/libesp_rom.a
Compiling .pioenvs/tinky-s3/bootloader/hal/efuse_hal.c.o
Archiving .pioenvs/tinky-s3/bootloader/esp-idf/esp_system/libesp_system.a
Indexing .pioenvs/tinky-s3/bootloader/esp-idf/esp_rom/libesp_rom.a
Compiling .pioenvs/tinky-s3/bootloader/hal/esp32s3/efuse_hal.c.o
Indexing .pioenvs/tinky-s3/bootloader/esp-idf/esp_system/libesp_system.a
Compiling .pioenvs/tinky-s3/bootloader/hal/mmu_hal.c.o
Compiling .pioenvs/tinky-s3/bootloader/hal/cache_hal.c.o
Compiling .pioenvs/tinky-s3/bootloader/log/src/noos/log_timestamp.c.o
Compiling .pioenvs/tinky-s3/bootloader/log/src/log_timestamp_common.c.o
Compiling .pioenvs/tinky-s3/bootloader/log/src/noos/log_lock.c.o
Compiling .pioenvs/tinky-s3/bootloader/log/src/buffer/log_buffers.c.o
Compiling .pioenvs/tinky-s3/bootloader/log/src/noos/util.c.o
Compiling .pioenvs/tinky-s3/bootloader/log/src/util.c.o
Compiling .pioenvs/tinky-s3/bootloader/log/src/log_format_text.c.o
Archiving .pioenvs/tinky-s3/bootloader/esp-idf/hal/libhal.a
Indexing .pioenvs/tinky-s3/bootloader/esp-idf/hal/libhal.a
Compiling .pioenvs/tinky-s3/bootloader/log/src/log_print.c.o
Compiling .pioenvs/tinky-s3/bootloader/log/src/log.c.o
Compiling .pioenvs/tinky-s3/bootloader/bootloader/subproject/components/micro-ecc/uECC_verify_antifault.c.o
Compiling .pioenvs/tinky-s3/bootloader/soc/lldesc.c.o
Archiving .pioenvs/tinky-s3/bootloader/esp-idf/log/liblog.a
Compiling .pioenvs/tinky-s3/bootloader/soc/dport_access_common.c.o
Indexing .pioenvs/tinky-s3/bootloader/esp-idf/log/liblog.a
Compiling .pioenvs/tinky-s3/bootloader/soc/esp32s3/interrupts.c.o
Compiling .pioenvs/tinky-s3/bootloader/soc/esp32s3/gpio_periph.c.o
Compiling .pioenvs/tinky-s3/bootloader/soc/esp32s3/uart_periph.c.o
Compiling .pioenvs/tinky-s3/bootloader/soc/esp32s3/adc_periph.c.o
Compiling .pioenvs/tinky-s3/bootloader/soc/esp32s3/dedic_gpio_periph.c.o
Compiling .pioenvs/tinky-s3/bootloader/soc/esp32s3/gdma_periph.c.o
Compiling .pioenvs/tinky-s3/bootloader/soc/esp32s3/spi_periph.c.o
Compiling .pioenvs/tinky-s3/bootloader/soc/esp32s3/ledc_periph.c.o
Compiling .pioenvs/tinky-s3/bootloader/soc/esp32s3/pcnt_periph.c.o
Compiling .pioenvs/tinky-s3/bootloader/soc/esp32s3/rmt_periph.c.o
Compiling .pioenvs/tinky-s3/bootloader/soc/esp32s3/sdm_periph.c.o
Compiling .pioenvs/tinky-s3/bootloader/soc/esp32s3/i2s_periph.c.o
Compiling .pioenvs/tinky-s3/bootloader/soc/esp32s3/i2c_periph.c.o
Compiling .pioenvs/tinky-s3/bootloader/soc/esp32s3/temperature_sensor_periph.c.o
Compiling .pioenvs/tinky-s3/bootloader/soc/esp32s3/timer_periph.c.o
Compiling .pioenvs/tinky-s3/bootloader/soc/esp32s3/lcd_periph.c.o
Compiling .pioenvs/tinky-s3/bootloader/soc/esp32s3/mcpwm_periph.c.o
Compiling .pioenvs/tinky-s3/bootloader/soc/esp32s3/mpi_periph.c.o
Compiling .pioenvs/tinky-s3/bootloader/soc/esp32s3/sdmmc_periph.c.o
Compiling .pioenvs/tinky-s3/bootloader/soc/esp32s3/touch_sensor_periph.c.o
Compiling .pioenvs/tinky-s3/bootloader/soc/esp32s3/twai_periph.c.o
Compiling .pioenvs/tinky-s3/bootloader/soc/esp32s3/wdt_periph.c.o
Compiling .pioenvs/tinky-s3/bootloader/soc/esp32s3/usb_dwc_periph.c.o
Compiling .pioenvs/tinky-s3/bootloader/soc/esp32s3/rtc_io_periph.c.o
Compiling .pioenvs/tinky-s3/bootloader/soc/esp32s3/cam_periph.c.o
Compiling .pioenvs/tinky-s3/bootloader/soc/esp32s3/power_supply_periph.c.o
Compiling .pioenvs/tinky-s3/bootloader/spi_flash/spi_flash_wrap.c.o
Generating partitions .pioenvs/tinky-s3/partitions.bin
Archiving .pioenvs/tinky-s3/bootloader/esp-idf/soc/libsoc.a
Indexing .pioenvs/tinky-s3/bootloader/esp-idf/soc/libsoc.a
Archiving .pioenvs/tinky-s3/bootloader/esp-idf/spi_flash/libspi_flash.a
Indexing .pioenvs/tinky-s3/bootloader/esp-idf/spi_flash/libspi_flash.a
Archiving .pioenvs/tinky-s3/bootloader/esp-idf/micro-ecc/libmicro-ecc.a
Indexing .pioenvs/tinky-s3/bootloader/esp-idf/micro-ecc/libmicro-ecc.a
Linking .pioenvs/tinky-s3/bootloader.elf
Building .pioenvs/tinky-s3/bootloader.bin
Creating ESP32-S3 image...
Successfully created ESP32-S3 image.
Linking .pioenvs/tinky-s3/firmware.elf
                            Memory Type Usage Summary                             
┏━━━━━━━━━━━━━━━━━━━━━┳━━━━━━━━━━━━━━┳━━━━━━━━━━┳━━━━━━━━━━━━━━━━┳━━━━━━━━━━━━━━━┓
┃ Memory Type/Section ┃ Used [bytes] ┃ Used [%] ┃ Remain [bytes] ┃ Total [bytes] ┃
┡━━━━━━━━━━━━━━━━━━━━━╇━━━━━━━━━━━━━━╇━━━━━━━━━━╇━━━━━━━━━━━━━━━━╇━━━━━━━━━━━━━━━┩
│ Flash Code          │       137684 │          │                │               │
│    .text            │       137684 │          │                │               │
│ DIRAM               │        49835 │    14.58 │         291925 │        341760 │
│    .text            │        26163 │     7.66 │                │               │
│    .bss             │        12752 │     3.73 │                │               │
│    .data            │        10920 │      3.2 │                │               │
│ Flash Data          │        46392 │          │                │               │
│    .rodata          │        46136 │          │                │               │
│    .appdesc         │          256 │          │                │               │
│ IRAM                │        16384 │    100.0 │              0 │         16384 │
│    .text            │        15356 │    93.73 │                │               │
│    .vectors         │         1028 │     6.27 │                │               │
└─────────────────────┴──────────────┴──────────┴────────────────┴───────────────┘
Total image size: 237543 bytes (.bin may be padded larger)
Note: The reported total sizes may be smaller than those in the technical reference manual due to reserved memory and application configuration. The total flash size available for the application is not included by default, as it cannot be reliably determined due to the presence of other data like the bootloader, partition table, and application partition size.
RAM:   [=         ]   7.2% (used 23672 bytes from 327680 bytes)
Flash: [=         ]  12.9% (used 237287 bytes from 1835008 bytes)
Building .pioenvs/tinky-s3/firmware.bin
Creating ESP32-S3 image...
Successfully created ESP32-S3 image.
Creating binary "firmware.factory.bin" with:
    Offset   | File
 -  0x0      | bootloader.bin
 -  0x8000   | partitions.bin
 -  0x9000   | boot_app0.bin
 -  0x10000  | firmware.bin
Successfully created combined binary image.
sign_firmware([".pioenvs/tinky-s3/firmware.bin"], [".pioenvs/tinky-s3/firmware.elf"])
merge_factory_bin([".pioenvs/tinky-s3/firmware.bin"], [".pioenvs/tinky-s3/firmware.elf"])
firmware.factory.bin already created by PlatformIO - skipping merge
esp32_copy_ota_bin([".pioenvs/tinky-s3/firmware.bin"], [".pioenvs/tinky-s3/firmware.elf"])
Copied firmware to /tmp/ws03-build/esphome/.esphome/build/tinky-s3/.pioenvs/tinky-s3/firmware.ota.bin
========================= [SUCCESS] Took 56.90 seconds =========================
Using Python 3.12.3 environment at: /home/pleamvelli/.platformio/penv/.espidf-5.5.4
INFO Build Info: config_hash=0xc52e3bd8 build_time_str=2026-06-19 11:13:34 +0000
INFO Successfully compiled program.
=== ESPHOME EXIT: 0 ===
